<?xml version="1.0" encoding="utf-8"?>
<CoverageSession>
  <Summary numSequencePoints="473" visitedSequencePoints="380" numBranchPoints="245" visitedBranchPoints="190" sequenceCoverage="80.33" branchCoverage="77.55" maxCyclomaticComplexity="294" minCyclomaticComplexity="294" visitedClasses="23" numClasses="24" visitedMethods="67" numMethods="84" />
  <Modules>
    <Module hash="387F3E5C-4624-4885-A68D-7109221E1EDA">
      <ModulePath>Marvin.Migrations.dll</ModulePath>
      <ModuleTime>2019-09-17T08:37:45</ModuleTime>
      <ModuleName>Marvin.Migrations</ModuleName>
      <Files>
        <File uid="1" fullPath="/home/markeli/Development/Migrations/src/Marvin.Migrations/DbMigrator.cs" />
        <File uid="2" fullPath="/home/markeli/Development/Migrations/src/Marvin.Migrations/DbVersion.cs" />
        <File uid="3" fullPath="/home/markeli/Development/Migrations/src/Marvin.Migrations/DefaultVariables.cs" />
        <File uid="4" fullPath="/home/markeli/Development/Migrations/src/Marvin.Migrations/MigrationConstants.cs" />
        <File uid="5" fullPath="/home/markeli/Development/Migrations/src/Marvin.Migrations/MigrationException.cs" />
        <File uid="6" fullPath="/home/markeli/Development/Migrations/src/Marvin.Migrations/MigrationProviders/CodeMigrationsProvider.cs" />
        <File uid="7" fullPath="/home/markeli/Development/Migrations/src/Marvin.Migrations/MigrationProviders/ScriptMigrationsProvider.cs" />
        <File uid="8" fullPath="/home/markeli/Development/Migrations/src/Marvin.Migrations/MigrationResult.cs" />
        <File uid="9" fullPath="/home/markeli/Development/Migrations/src/Marvin.Migrations/Migrations/CodeMigration.cs" />
        <File uid="10" fullPath="/home/markeli/Development/Migrations/src/Marvin.Migrations/Migrations/ScriptMigration.cs" />
        <File uid="11" fullPath="/home/markeli/Development/Migrations/src/Marvin.Migrations/MigratorBuilder.cs" />
        <File uid="12" fullPath="/home/markeli/Development/Migrations/src/Marvin.Migrations/ServiceCollectionExtensions.cs" />
      </Files>
      <Classes>
        <Class>
          <Summary numSequencePoints="28" visitedSequencePoints="23" numBranchPoints="16" visitedBranchPoints="10" sequenceCoverage="82.14" branchCoverage="62.5" maxCyclomaticComplexity="10" minCyclomaticComplexity="2" visitedClasses="1" numClasses="1" visitedMethods="2" numMethods="3" />
          <FullName>Marvin.Migrations.DbMigrator</FullName>
          <Methods>
            <Method cyclomaticComplexity="4" nPathComplexity="0" sequenceCoverage="66.66" branchCoverage="75" isConstructor="False" isGetter="False" isSetter="False" isStatic="True">
              <Summary numSequencePoints="3" visitedSequencePoints="2" numBranchPoints="4" visitedBranchPoints="3" sequenceCoverage="66.66" branchCoverage="75" maxCyclomaticComplexity="4" minCyclomaticComplexity="4" visitedClasses="0" numClasses="0" visitedMethods="1" numMethods="1" />
              <MetadataToken />
              <Name>System.Boolean Marvin.Migrations.DbMigrator::IsMigrationAllowed(Marvin.Migrations.DbVersionDifference,Marvin.Migrations.MigrationPolicy)</Name>
              <FileRef uid="1" />
              <SequencePoints>
                <SequencePoint vc="3" uspid="253" ordinal="0" sl="253" sc="1" el="253" ec="2" bec="0" bev="0" fileid="1" />
                <SequencePoint vc="10" uspid="256" ordinal="1" sl="256" sc="1" el="256" ec="2" bec="0" bev="0" fileid="1" />
                <SequencePoint vc="0" uspid="259" ordinal="2" sl="259" sc="1" el="259" ec="2" bec="0" bev="0" fileid="1" />
              </SequencePoints>
              <BranchPoints>
                <BranchPoint vc="3" uspid="253" ordinal="0" path="0" offset="2" offsetend="4" sl="253" fileid="1" />
                <BranchPoint vc="3" uspid="253" ordinal="2" path="0" offset="6" offsetend="8" sl="253" fileid="1" />
                <BranchPoint vc="10" uspid="253" ordinal="1" path="1" offset="2" offsetend="26" sl="253" fileid="1" />
                <BranchPoint vc="0" uspid="253" ordinal="3" path="1" offset="6" offsetend="44" sl="253" fileid="1" />
              </BranchPoints>
              <MethodPoint vc="2" uspid="0" p8:type="SequencePoint" ordinal="0" offset="0" sc="0" sl="253" ec="1" el="259" bec="0" bev="0" fileid="1" xmlns:p8="xsi" />
            </Method>
            <Method cyclomaticComplexity="2" nPathComplexity="0" sequenceCoverage="0" branchCoverage="0" isConstructor="False" isGetter="False" isSetter="False" isStatic="True">
              <Summary numSequencePoints="2" visitedSequencePoints="0" numBranchPoints="2" visitedBranchPoints="0" sequenceCoverage="0" branchCoverage="0" maxCyclomaticComplexity="2" minCyclomaticComplexity="2" visitedClasses="0" numClasses="0" visitedMethods="0" numMethods="1" />
              <MetadataToken />
              <Name>System.Void Marvin.Migrations.DbMigrator::Dispose()</Name>
              <FileRef uid="1" />
              <SequencePoints>
                <SequencePoint vc="0" uspid="334" ordinal="0" sl="334" sc="1" el="334" ec="2" bec="0" bev="0" fileid="1" />
                <SequencePoint vc="0" uspid="335" ordinal="1" sl="335" sc="1" el="335" ec="2" bec="0" bev="0" fileid="1" />
              </SequencePoints>
              <BranchPoints>
                <BranchPoint vc="0" uspid="334" ordinal="0" path="0" offset="7" offsetend="9" sl="334" fileid="1" />
                <BranchPoint vc="0" uspid="334" ordinal="1" path="1" offset="7" offsetend="11" sl="334" fileid="1" />
              </BranchPoints>
              <MethodPoint vc="0" uspid="0" p8:type="SequencePoint" ordinal="1" offset="1" sc="0" sl="334" ec="1" el="335" bec="0" bev="0" fileid="1" xmlns:p8="xsi" />
            </Method>
            <Method cyclomaticComplexity="10" nPathComplexity="0" sequenceCoverage="91.3" branchCoverage="70" isConstructor="True" isGetter="False" isSetter="False" isStatic="True">
              <Summary numSequencePoints="23" visitedSequencePoints="21" numBranchPoints="10" visitedBranchPoints="7" sequenceCoverage="91.3" branchCoverage="70" maxCyclomaticComplexity="10" minCyclomaticComplexity="10" visitedClasses="0" numClasses="0" visitedMethods="1" numMethods="1" />
              <MetadataToken />
              <Name>System.Void Marvin.Migrations.DbMigrator::.ctor(Marvin.Migrations.IDbProvider,System.Collections.Generic.ICollection`1&lt;Marvin.Migrations.IMigration&gt;,Marvin.Migrations.MigrationPolicy,Marvin.Migrations.MigrationPolicy,System.Collections.Generic.ICollection`1&lt;Marvin.Migrations.IMigration&gt;,System.Nullable`1&lt;Marvin.Migrations.DbVersion&gt;,Microsoft.Extensions.Logging.ILogger)</Name>
              <FileRef uid="1" />
              <SequencePoints>
                <SequencePoint vc="15" uspid="37" ordinal="0" sl="37" sc="1" el="37" ec="2" bec="0" bev="0" fileid="1" />
                <SequencePoint vc="15" uspid="38" ordinal="1" sl="38" sc="1" el="38" ec="2" bec="0" bev="0" fileid="1" />
                <SequencePoint vc="15" uspid="39" ordinal="2" sl="39" sc="1" el="39" ec="2" bec="0" bev="0" fileid="1" />
                <SequencePoint vc="15" uspid="40" ordinal="3" sl="40" sc="1" el="40" ec="2" bec="0" bev="0" fileid="1" />
                <SequencePoint vc="15" uspid="41" ordinal="4" sl="41" sc="1" el="41" ec="2" bec="0" bev="0" fileid="1" />
                <SequencePoint vc="15" uspid="42" ordinal="5" sl="42" sc="1" el="42" ec="2" bec="0" bev="0" fileid="1" />
                <SequencePoint vc="15" uspid="43" ordinal="6" sl="43" sc="1" el="43" ec="2" bec="0" bev="0" fileid="1" />
                <SequencePoint vc="15" uspid="44" ordinal="7" sl="44" sc="1" el="44" ec="2" bec="0" bev="0" fileid="1" />
                <SequencePoint vc="15" uspid="46" ordinal="8" sl="46" sc="1" el="46" ec="2" bec="0" bev="0" fileid="1" />
                <SequencePoint vc="15" uspid="47" ordinal="9" sl="47" sc="1" el="47" ec="2" bec="0" bev="0" fileid="1" />
                <SequencePoint vc="15" uspid="49" ordinal="10" sl="49" sc="1" el="49" ec="2" bec="0" bev="0" fileid="1" />
                <SequencePoint vc="15" uspid="51" ordinal="11" sl="51" sc="1" el="51" ec="2" bec="0" bev="0" fileid="1" />
                <SequencePoint vc="116" uspid="52" ordinal="12" sl="52" sc="1" el="52" ec="2" bec="0" bev="0" fileid="1" />
                <SequencePoint vc="43" uspid="54" ordinal="13" sl="54" sc="1" el="54" ec="2" bec="0" bev="0" fileid="1" />
                <SequencePoint vc="0" uspid="55" ordinal="14" sl="55" sc="1" el="55" ec="2" bec="0" bev="0" fileid="1" />
                <SequencePoint vc="0" uspid="56" ordinal="15" sl="56" sc="1" el="56" ec="2" bec="0" bev="0" fileid="1" />
                <SequencePoint vc="43" uspid="58" ordinal="16" sl="58" sc="1" el="58" ec="2" bec="0" bev="0" fileid="1" />
                <SequencePoint vc="15" uspid="61" ordinal="17" sl="61" sc="1" el="61" ec="2" bec="0" bev="0" fileid="1" />
                <SequencePoint vc="15" uspid="62" ordinal="18" sl="62" sc="1" el="62" ec="2" bec="0" bev="0" fileid="1" />
                <SequencePoint vc="15" uspid="63" ordinal="19" sl="63" sc="1" el="63" ec="2" bec="0" bev="0" fileid="1" />
                <SequencePoint vc="15" uspid="64" ordinal="20" sl="64" sc="1" el="64" ec="2" bec="0" bev="0" fileid="1" />
                <SequencePoint vc="15" uspid="65" ordinal="21" sl="65" sc="1" el="65" ec="2" bec="0" bev="0" fileid="1" />
                <SequencePoint vc="15" uspid="66" ordinal="22" sl="66" sc="1" el="66" ec="2" bec="0" bev="0" fileid="1" />
              </SequencePoints>
              <BranchPoints>
                <BranchPoint vc="0" uspid="46" ordinal="0" path="0" offset="7" offsetend="9" sl="46" fileid="1" />
                <BranchPoint vc="15" uspid="46" ordinal="1" path="1" offset="7" offsetend="20" sl="46" fileid="1" />
                <BranchPoint vc="0" uspid="47" ordinal="2" path="0" offset="23" offsetend="25" sl="47" fileid="1" />
                <BranchPoint vc="15" uspid="47" ordinal="3" path="1" offset="23" offsetend="37" sl="47" fileid="1" />
                <BranchPoint vc="43" uspid="52" ordinal="7" path="1" offset="143" offsetend="74" sl="52" fileid="1" />
                <BranchPoint vc="0" uspid="54" ordinal="4" path="0" offset="94" offsetend="96" sl="54" fileid="1" />
                <BranchPoint vc="43" uspid="54" ordinal="5" path="1" offset="94" offsetend="123" sl="54" fileid="1" />
                <BranchPoint vc="15" uspid="52" ordinal="6" path="0" offset="143" offsetend="145" sl="52" fileid="1" />
                <BranchPoint vc="9" uspid="63" ordinal="8" path="0" offset="180" offsetend="182" sl="63" fileid="1" />
                <BranchPoint vc="15" uspid="63" ordinal="9" path="1" offset="180" offsetend="189" sl="63" fileid="1" />
              </BranchPoints>
              <MethodPoint vc="21" uspid="0" p8:type="SequencePoint" ordinal="2" offset="2" sc="0" sl="37" ec="1" el="66" bec="0" bev="0" fileid="1" xmlns:p8="xsi" />
            </Method>
          </Methods>
        </Class>
        <Class>
          <Summary numSequencePoints="7" visitedSequencePoints="5" numBranchPoints="1" visitedBranchPoints="1" sequenceCoverage="71.42" branchCoverage="100" maxCyclomaticComplexity="1" minCyclomaticComplexity="1" visitedClasses="1" numClasses="1" visitedMethods="1" numMethods="1" />
          <FullName>Marvin.Migrations.DbMigrator/&lt;MigrateSafeAsync&gt;d__8</FullName>
          <Methods>
            <Method cyclomaticComplexity="1" nPathComplexity="0" sequenceCoverage="71.42" branchCoverage="100" isConstructor="False" isGetter="False" isSetter="False" isStatic="True">
              <Summary numSequencePoints="7" visitedSequencePoints="5" numBranchPoints="1" visitedBranchPoints="1" sequenceCoverage="71.42" branchCoverage="100" maxCyclomaticComplexity="1" minCyclomaticComplexity="1" visitedClasses="0" numClasses="0" visitedMethods="1" numMethods="1" />
              <MetadataToken />
              <Name>System.Void Marvin.Migrations.DbMigrator/&lt;MigrateSafeAsync&gt;d__8::MoveNext()</Name>
              <FileRef uid="1" />
              <SequencePoints>
                <SequencePoint vc="9" uspid="73" ordinal="0" sl="73" sc="1" el="73" ec="2" bec="0" bev="0" fileid="1" />
                <SequencePoint vc="4" uspid="74" ordinal="1" sl="74" sc="1" el="74" ec="2" bec="0" bev="0" fileid="1" />
                <SequencePoint vc="5" uspid="76" ordinal="2" sl="76" sc="1" el="76" ec="2" bec="0" bev="0" fileid="1" />
                <SequencePoint vc="5" uspid="78" ordinal="3" sl="78" sc="1" el="78" ec="2" bec="0" bev="0" fileid="1" />
                <SequencePoint vc="0" uspid="80" ordinal="4" sl="80" sc="1" el="80" ec="2" bec="0" bev="0" fileid="1" />
                <SequencePoint vc="0" uspid="82" ordinal="5" sl="82" sc="1" el="82" ec="2" bec="0" bev="0" fileid="1" />
                <SequencePoint vc="9" uspid="84" ordinal="6" sl="84" sc="1" el="84" ec="2" bec="0" bev="0" fileid="1" />
              </SequencePoints>
              <BranchPoints>
                <BranchPoint vc="9" uspid="73" ordinal="1" path="1" offset="39" offsetend="104" sl="73" fileid="1" />
              </BranchPoints>
              <MethodPoint vc="5" uspid="0" p8:type="SequencePoint" ordinal="0" offset="0" sc="0" sl="73" ec="1" el="84" bec="0" bev="0" fileid="1" xmlns:p8="xsi" />
            </Method>
          </Methods>
        </Class>
        <Class>
          <Summary numSequencePoints="1" visitedSequencePoints="1" numBranchPoints="0" visitedBranchPoints="0" sequenceCoverage="100" branchCoverage="100" maxCyclomaticComplexity="1" minCyclomaticComplexity="1" visitedClasses="1" numClasses="1" visitedMethods="1" numMethods="1" />
          <FullName>Marvin.Migrations.DbMigrator/&lt;&gt;c__DisplayClass9_0</FullName>
          <Methods>
            <Method cyclomaticComplexity="1" nPathComplexity="0" sequenceCoverage="100" branchCoverage="100" isConstructor="False" isGetter="False" isSetter="False" isStatic="True">
              <Summary numSequencePoints="1" visitedSequencePoints="1" numBranchPoints="0" visitedBranchPoints="0" sequenceCoverage="100" branchCoverage="100" maxCyclomaticComplexity="1" minCyclomaticComplexity="1" visitedClasses="0" numClasses="0" visitedMethods="1" numMethods="1" />
              <MetadataToken />
              <Name>System.Boolean Marvin.Migrations.DbMigrator/&lt;&gt;c__DisplayClass9_0::&lt;MigrateAsync&gt;b__0(Marvin.Migrations.IMigration)</Name>
              <FileRef uid="1" />
              <SequencePoints>
                <SequencePoint vc="29" uspid="102" ordinal="0" sl="102" sc="1" el="102" ec="2" bec="0" bev="0" fileid="1" />
              </SequencePoints>
              <BranchPoints />
              <MethodPoint vc="1" uspid="0" p8:type="SequencePoint" ordinal="0" offset="0" sc="0" sl="102" ec="1" el="102" bec="0" bev="0" fileid="1" xmlns:p8="xsi" />
            </Method>
          </Methods>
        </Class>
        <Class>
          <Summary numSequencePoints="4" visitedSequencePoints="4" numBranchPoints="0" visitedBranchPoints="0" sequenceCoverage="100" branchCoverage="100" maxCyclomaticComplexity="1" minCyclomaticComplexity="1" visitedClasses="1" numClasses="1" visitedMethods="4" numMethods="4" />
          <FullName>Marvin.Migrations.DbMigrator/&lt;&gt;c</FullName>
          <Methods>
            <Method cyclomaticComplexity="1" nPathComplexity="0" sequenceCoverage="100" branchCoverage="100" isConstructor="False" isGetter="False" isSetter="False" isStatic="True">
              <Summary numSequencePoints="1" visitedSequencePoints="1" numBranchPoints="0" visitedBranchPoints="0" sequenceCoverage="100" branchCoverage="100" maxCyclomaticComplexity="1" minCyclomaticComplexity="1" visitedClasses="0" numClasses="0" visitedMethods="1" numMethods="1" />
              <MetadataToken />
              <Name>Marvin.Migrations.DbVersion Marvin.Migrations.DbMigrator/&lt;&gt;c::&lt;MigrateAsync&gt;b__9_1(Marvin.Migrations.IMigration)</Name>
              <FileRef uid="1" />
              <SequencePoints>
                <SequencePoint vc="12" uspid="95" ordinal="0" sl="95" sc="1" el="95" ec="2" bec="0" bev="0" fileid="1" />
              </SequencePoints>
              <BranchPoints />
              <MethodPoint vc="1" uspid="0" p8:type="SequencePoint" ordinal="0" offset="0" sc="0" sl="95" ec="1" el="95" bec="0" bev="0" fileid="1" xmlns:p8="xsi" />
            </Method>
            <Method cyclomaticComplexity="1" nPathComplexity="0" sequenceCoverage="100" branchCoverage="100" isConstructor="False" isGetter="False" isSetter="False" isStatic="True">
              <Summary numSequencePoints="1" visitedSequencePoints="1" numBranchPoints="0" visitedBranchPoints="0" sequenceCoverage="100" branchCoverage="100" maxCyclomaticComplexity="1" minCyclomaticComplexity="1" visitedClasses="0" numClasses="0" visitedMethods="1" numMethods="1" />
              <MetadataToken />
              <Name>Marvin.Migrations.DbVersion Marvin.Migrations.DbMigrator/&lt;&gt;c::&lt;ExecutePreMigrationScriptsAsync&gt;b__11_0(Marvin.Migrations.IMigration)</Name>
              <FileRef uid="1" />
              <SequencePoints>
                <SequencePoint vc="7" uspid="154" ordinal="0" sl="154" sc="1" el="154" ec="2" bec="0" bev="0" fileid="1" />
              </SequencePoints>
              <BranchPoints />
              <MethodPoint vc="1" uspid="0" p8:type="SequencePoint" ordinal="1" offset="1" sc="0" sl="154" ec="1" el="154" bec="0" bev="0" fileid="1" xmlns:p8="xsi" />
            </Method>
            <Method cyclomaticComplexity="1" nPathComplexity="0" sequenceCoverage="100" branchCoverage="100" isConstructor="False" isGetter="False" isSetter="False" isStatic="True">
              <Summary numSequencePoints="1" visitedSequencePoints="1" numBranchPoints="0" visitedBranchPoints="0" sequenceCoverage="100" branchCoverage="100" maxCyclomaticComplexity="1" minCyclomaticComplexity="1" visitedClasses="0" numClasses="0" visitedMethods="1" numMethods="1" />
              <MetadataToken />
              <Name>Marvin.Migrations.DbVersion Marvin.Migrations.DbMigrator/&lt;&gt;c::&lt;UpgradeAsync&gt;b__12_1(Marvin.Migrations.IMigration)</Name>
              <FileRef uid="1" />
              <SequencePoints>
                <SequencePoint vc="14" uspid="195" ordinal="0" sl="195" sc="1" el="195" ec="2" bec="0" bev="0" fileid="1" />
              </SequencePoints>
              <BranchPoints />
              <MethodPoint vc="1" uspid="0" p8:type="SequencePoint" ordinal="2" offset="2" sc="0" sl="195" ec="1" el="195" bec="0" bev="0" fileid="1" xmlns:p8="xsi" />
            </Method>
            <Method cyclomaticComplexity="1" nPathComplexity="0" sequenceCoverage="100" branchCoverage="100" isConstructor="False" isGetter="False" isSetter="False" isStatic="True">
              <Summary numSequencePoints="1" visitedSequencePoints="1" numBranchPoints="0" visitedBranchPoints="0" sequenceCoverage="100" branchCoverage="100" maxCyclomaticComplexity="1" minCyclomaticComplexity="1" visitedClasses="0" numClasses="0" visitedMethods="1" numMethods="1" />
              <MetadataToken />
              <Name>Marvin.Migrations.DbVersion Marvin.Migrations.DbMigrator/&lt;&gt;c::&lt;DowngradeAsync&gt;b__14_1(Marvin.Migrations.IMigration)</Name>
              <FileRef uid="1" />
              <SequencePoints>
                <SequencePoint vc="14" uspid="274" ordinal="0" sl="274" sc="1" el="274" ec="2" bec="0" bev="0" fileid="1" />
              </SequencePoints>
              <BranchPoints />
              <MethodPoint vc="1" uspid="0" p8:type="SequencePoint" ordinal="3" offset="3" sc="0" sl="274" ec="1" el="274" bec="0" bev="0" fileid="1" xmlns:p8="xsi" />
            </Method>
          </Methods>
        </Class>
        <Class>
          <Summary numSequencePoints="28" visitedSequencePoints="27" numBranchPoints="29" visitedBranchPoints="29" sequenceCoverage="96.42" branchCoverage="100" maxCyclomaticComplexity="29" minCyclomaticComplexity="29" visitedClasses="1" numClasses="1" visitedMethods="1" numMethods="1" />
          <FullName>Marvin.Migrations.DbMigrator/&lt;MigrateAsync&gt;d__9</FullName>
          <Methods>
            <Method cyclomaticComplexity="29" nPathComplexity="0" sequenceCoverage="96.42" branchCoverage="100" isConstructor="False" isGetter="False" isSetter="False" isStatic="True">
              <Summary numSequencePoints="28" visitedSequencePoints="27" numBranchPoints="29" visitedBranchPoints="29" sequenceCoverage="96.42" branchCoverage="100" maxCyclomaticComplexity="29" minCyclomaticComplexity="29" visitedClasses="0" numClasses="0" visitedMethods="1" numMethods="1" />
              <MetadataToken />
              <Name>System.Void Marvin.Migrations.DbMigrator/&lt;MigrateAsync&gt;d__9::MoveNext()</Name>
              <FileRef uid="1" />
              <SequencePoints>
                <SequencePoint vc="9" uspid="91" ordinal="0" sl="91" sc="1" el="91" ec="2" bec="0" bev="0" fileid="1" />
                <SequencePoint vc="9" uspid="92" ordinal="1" sl="92" sc="1" el="92" ec="2" bec="0" bev="0" fileid="1" />
                <SequencePoint vc="9" uspid="93" ordinal="2" sl="93" sc="1" el="93" ec="2" bec="0" bev="0" fileid="1" />
                <SequencePoint vc="9" uspid="96" ordinal="3" sl="96" sc="1" el="96" ec="2" bec="0" bev="0" fileid="1" />
                <SequencePoint vc="1" uspid="98" ordinal="4" sl="98" sc="1" el="98" ec="2" bec="0" bev="0" fileid="1" />
                <SequencePoint vc="1" uspid="99" ordinal="5" sl="99" sc="1" el="99" ec="2" bec="0" bev="0" fileid="1" />
                <SequencePoint vc="1" uspid="103" ordinal="6" sl="103" sc="1" el="103" ec="2" bec="0" bev="0" fileid="1" />
                <SequencePoint vc="7" uspid="106" ordinal="7" sl="106" sc="1" el="106" ec="2" bec="0" bev="0" fileid="1" />
                <SequencePoint vc="7" uspid="107" ordinal="8" sl="107" sc="1" el="107" ec="2" bec="0" bev="0" fileid="1" />
                <SequencePoint vc="7" uspid="108" ordinal="9" sl="108" sc="1" el="108" ec="2" bec="0" bev="0" fileid="1" />
                <SequencePoint vc="7" uspid="110" ordinal="10" sl="110" sc="1" el="110" ec="2" bec="0" bev="0" fileid="1" />
                <SequencePoint vc="7" uspid="113" ordinal="11" sl="113" sc="1" el="113" ec="2" bec="0" bev="0" fileid="1" />
                <SequencePoint vc="7" uspid="115" ordinal="12" sl="115" sc="1" el="115" ec="2" bec="0" bev="0" fileid="1" />
                <SequencePoint vc="7" uspid="116" ordinal="13" sl="116" sc="1" el="116" ec="2" bec="0" bev="0" fileid="1" />
                <SequencePoint vc="4" uspid="118" ordinal="14" sl="118" sc="1" el="118" ec="2" bec="0" bev="0" fileid="1" />
                <SequencePoint vc="4" uspid="119" ordinal="15" sl="119" sc="1" el="119" ec="2" bec="0" bev="0" fileid="1" />
                <SequencePoint vc="2" uspid="120" ordinal="16" sl="120" sc="1" el="120" ec="2" bec="0" bev="0" fileid="1" />
                <SequencePoint vc="0" uspid="121" ordinal="17" sl="121" sc="1" el="121" ec="2" bec="0" bev="0" fileid="1" />
                <SequencePoint vc="3" uspid="124" ordinal="18" sl="124" sc="1" el="124" ec="2" bec="0" bev="0" fileid="1" />
                <SequencePoint vc="3" uspid="125" ordinal="19" sl="125" sc="1" el="125" ec="2" bec="0" bev="0" fileid="1" />
                <SequencePoint vc="1" uspid="126" ordinal="20" sl="126" sc="1" el="126" ec="2" bec="0" bev="0" fileid="1" />
                <SequencePoint vc="3" uspid="129" ordinal="21" sl="129" sc="1" el="129" ec="2" bec="0" bev="0" fileid="1" />
                <SequencePoint vc="3" uspid="130" ordinal="22" sl="130" sc="1" el="130" ec="2" bec="0" bev="0" fileid="1" />
                <SequencePoint vc="3" uspid="131" ordinal="23" sl="131" sc="1" el="131" ec="2" bec="0" bev="0" fileid="1" />
                <SequencePoint vc="5" uspid="132" ordinal="24" sl="132" sc="1" el="132" ec="2" bec="0" bev="0" fileid="1" />
                <SequencePoint vc="5" uspid="134" ordinal="25" sl="134" sc="1" el="134" ec="2" bec="0" bev="0" fileid="1" />
                <SequencePoint vc="5" uspid="135" ordinal="26" sl="135" sc="1" el="135" ec="2" bec="0" bev="0" fileid="1" />
                <SequencePoint vc="4" uspid="138" ordinal="27" sl="138" sc="1" el="138" ec="2" bec="0" bev="0" fileid="1" />
              </SequencePoints>
              <BranchPoints>
                <BranchPoint vc="9" uspid="91" ordinal="1" path="1" offset="96" offsetend="161" sl="91" fileid="1" />
                <BranchPoint vc="9" uspid="92" ordinal="3" path="1" offset="192" offsetend="257" sl="92" fileid="1" />
                <BranchPoint vc="9" uspid="93" ordinal="5" path="1" offset="284" offsetend="351" sl="93" fileid="1" />
                <BranchPoint vc="1" uspid="95" ordinal="6" path="0" offset="380" offsetend="382" sl="95" fileid="1" />
                <BranchPoint vc="1" uspid="95" ordinal="8" path="0" offset="394" offsetend="396" sl="95" fileid="1" />
                <BranchPoint vc="1" uspid="95" ordinal="9" path="1" offset="394" offsetend="419" sl="95" fileid="1" />
                <BranchPoint vc="8" uspid="95" ordinal="7" path="1" offset="380" offsetend="426" sl="95" fileid="1" />
                <BranchPoint vc="1" uspid="96" ordinal="10" path="0" offset="455" offsetend="457" sl="96" fileid="1" />
                <BranchPoint vc="1" uspid="98" ordinal="12" path="0" offset="464" offsetend="466" sl="98" fileid="1" />
                <BranchPoint vc="8" uspid="96" ordinal="11" path="1" offset="455" offsetend="510" sl="96" fileid="1" />
                <BranchPoint vc="1" uspid="102" ordinal="14" path="0" offset="538" offsetend="540" sl="102" fileid="1" />
                <BranchPoint vc="7" uspid="102" ordinal="15" path="1" offset="538" offsetend="573" sl="102" fileid="1" />
                <BranchPoint vc="7" uspid="106" ordinal="16" path="0" offset="580" offsetend="582" sl="106" fileid="1" />
                <BranchPoint vc="7" uspid="107" ordinal="19" path="1" offset="640" offsetend="705" sl="107" fileid="1" />
                <BranchPoint vc="7" uspid="108" ordinal="20" path="0" offset="719" offsetend="721" sl="108" fileid="1" />
                <BranchPoint vc="7" uspid="110" ordinal="23" path="1" offset="784" offsetend="849" sl="110" fileid="1" />
                <BranchPoint vc="7" uspid="113" ordinal="25" path="1" offset="876" offsetend="943" sl="113" fileid="1" />
                <BranchPoint vc="7" uspid="115" ordinal="26" path="0" offset="958" offsetend="960" sl="115" fileid="1" />
                <BranchPoint vc="4" uspid="116" ordinal="28" path="0" offset="1016" offsetend="1021" sl="116" fileid="1" />
                <BranchPoint vc="4" uspid="118" ordinal="30" path="0" offset="1028" offsetend="1030" sl="118" fileid="1" />
                <BranchPoint vc="4" uspid="119" ordinal="33" path="1" offset="1117" offsetend="1182" sl="119" fileid="1" />
                <BranchPoint vc="2" uspid="120" ordinal="34" path="0" offset="1196" offsetend="1198" sl="120" fileid="1" />
                <BranchPoint vc="3" uspid="116" ordinal="29" path="1" offset="1016" offsetend="1245" sl="116" fileid="1" />
                <BranchPoint vc="3" uspid="124" ordinal="36" path="0" offset="1252" offsetend="1254" sl="124" fileid="1" />
                <BranchPoint vc="3" uspid="125" ordinal="39" path="1" offset="1341" offsetend="1406" sl="125" fileid="1" />
                <BranchPoint vc="1" uspid="126" ordinal="40" path="0" offset="1420" offsetend="1422" sl="126" fileid="1" />
                <BranchPoint vc="3" uspid="129" ordinal="43" path="1" offset="1485" offsetend="1550" sl="129" fileid="1" />
                <BranchPoint vc="3" uspid="130" ordinal="44" path="0" offset="1564" offsetend="1566" sl="130" fileid="1" />
                <BranchPoint vc="5" uspid="134" ordinal="46" path="0" offset="1623" offsetend="1625" sl="134" fileid="1" />
              </BranchPoints>
              <MethodPoint vc="27" uspid="0" p8:type="SequencePoint" ordinal="0" offset="0" sc="0" sl="91" ec="1" el="138" bec="0" bev="0" fileid="1" xmlns:p8="xsi" />
            </Method>
          </Methods>
        </Class>
        <Class>
          <Summary numSequencePoints="3" visitedSequencePoints="3" numBranchPoints="2" visitedBranchPoints="2" sequenceCoverage="100" branchCoverage="100" maxCyclomaticComplexity="2" minCyclomaticComplexity="2" visitedClasses="1" numClasses="1" visitedMethods="1" numMethods="1" />
          <FullName>Marvin.Migrations.DbMigrator/&lt;GetCurrentDbVersion&gt;d__10</FullName>
          <Methods>
            <Method cyclomaticComplexity="2" nPathComplexity="0" sequenceCoverage="100" branchCoverage="100" isConstructor="False" isGetter="False" isSetter="False" isStatic="True">
              <Summary numSequencePoints="3" visitedSequencePoints="3" numBranchPoints="2" visitedBranchPoints="2" sequenceCoverage="100" branchCoverage="100" maxCyclomaticComplexity="2" minCyclomaticComplexity="2" visitedClasses="0" numClasses="0" visitedMethods="1" numMethods="1" />
              <MetadataToken />
              <Name>System.Void Marvin.Migrations.DbMigrator/&lt;GetCurrentDbVersion&gt;d__10::MoveNext()</Name>
              <FileRef uid="1" />
              <SequencePoints>
                <SequencePoint vc="16" uspid="142" ordinal="0" sl="142" sc="1" el="142" ec="2" bec="0" bev="0" fileid="1" />
                <SequencePoint vc="16" uspid="143" ordinal="1" sl="143" sc="1" el="143" ec="2" bec="0" bev="0" fileid="1" />
                <SequencePoint vc="16" uspid="144" ordinal="2" sl="144" sc="1" el="144" ec="2" bec="0" bev="0" fileid="1" />
              </SequencePoints>
              <BranchPoints>
                <BranchPoint vc="16" uspid="142" ordinal="1" path="1" offset="42" offsetend="106" sl="142" fileid="1" />
                <BranchPoint vc="16" uspid="142" ordinal="3" path="1" offset="121" offsetend="132" sl="142" fileid="1" />
              </BranchPoints>
              <MethodPoint vc="3" uspid="0" p8:type="SequencePoint" ordinal="0" offset="0" sc="0" sl="142" ec="1" el="144" bec="0" bev="0" fileid="1" xmlns:p8="xsi" />
            </Method>
          </Methods>
        </Class>
        <Class>
          <Summary numSequencePoints="20" visitedSequencePoints="4" numBranchPoints="3" visitedBranchPoints="3" sequenceCoverage="20" branchCoverage="100" maxCyclomaticComplexity="3" minCyclomaticComplexity="3" visitedClasses="1" numClasses="1" visitedMethods="1" numMethods="1" />
          <FullName>Marvin.Migrations.DbMigrator/&lt;ExecutePreMigrationScriptsAsync&gt;d__11</FullName>
          <Methods>
            <Method cyclomaticComplexity="3" nPathComplexity="0" sequenceCoverage="20" branchCoverage="100" isConstructor="False" isGetter="False" isSetter="False" isStatic="True">
              <Summary numSequencePoints="20" visitedSequencePoints="4" numBranchPoints="3" visitedBranchPoints="3" sequenceCoverage="20" branchCoverage="100" maxCyclomaticComplexity="3" minCyclomaticComplexity="3" visitedClasses="0" numClasses="0" visitedMethods="1" numMethods="1" />
              <MetadataToken />
              <Name>System.Void Marvin.Migrations.DbMigrator/&lt;ExecutePreMigrationScriptsAsync&gt;d__11::MoveNext()</Name>
              <FileRef uid="1" />
              <SequencePoints>
                <SequencePoint vc="7" uspid="153" ordinal="0" sl="153" sc="1" el="153" ec="2" bec="0" bev="0" fileid="1" />
                <SequencePoint vc="7" uspid="155" ordinal="1" sl="155" sc="1" el="155" ec="2" bec="0" bev="0" fileid="1" />
                <SequencePoint vc="14" uspid="156" ordinal="2" sl="156" sc="1" el="156" ec="2" bec="0" bev="0" fileid="1" />
                <SequencePoint vc="0" uspid="158" ordinal="3" sl="158" sc="1" el="158" ec="2" bec="0" bev="0" fileid="1" />
                <SequencePoint vc="0" uspid="160" ordinal="4" sl="160" sc="1" el="160" ec="2" bec="0" bev="0" fileid="1" />
                <SequencePoint vc="0" uspid="161" ordinal="5" sl="161" sc="1" el="161" ec="2" bec="0" bev="0" fileid="1" />
                <SequencePoint vc="0" uspid="162" ordinal="6" sl="162" sc="1" el="162" ec="2" bec="0" bev="0" fileid="1" />
                <SequencePoint vc="0" uspid="166" ordinal="7" sl="166" sc="1" el="166" ec="2" bec="0" bev="0" fileid="1" />
                <SequencePoint vc="0" uspid="167" ordinal="8" sl="167" sc="1" el="167" ec="2" bec="0" bev="0" fileid="1" />
                <SequencePoint vc="0" uspid="168" ordinal="9" sl="168" sc="1" el="168" ec="2" bec="0" bev="0" fileid="1" />
                <SequencePoint vc="0" uspid="170" ordinal="10" sl="170" sc="1" el="170" ec="2" bec="0" bev="0" fileid="1" />
                <SequencePoint vc="0" uspid="172" ordinal="11" sl="172" sc="1" el="172" ec="2" bec="0" bev="0" fileid="1" />
                <SequencePoint vc="0" uspid="173" ordinal="12" sl="173" sc="1" el="173" ec="2" bec="0" bev="0" fileid="1" />
                <SequencePoint vc="0" uspid="174" ordinal="13" sl="174" sc="1" el="174" ec="2" bec="0" bev="0" fileid="1" />
                <SequencePoint vc="0" uspid="175" ordinal="14" sl="175" sc="1" el="175" ec="2" bec="0" bev="0" fileid="1" />
                <SequencePoint vc="0" uspid="177" ordinal="15" sl="177" sc="1" el="177" ec="2" bec="0" bev="0" fileid="1" />
                <SequencePoint vc="0" uspid="178" ordinal="16" sl="178" sc="1" el="178" ec="2" bec="0" bev="0" fileid="1" />
                <SequencePoint vc="0" uspid="180" ordinal="17" sl="180" sc="1" el="180" ec="2" bec="0" bev="0" fileid="1" />
                <SequencePoint vc="0" uspid="181" ordinal="18" sl="181" sc="1" el="181" ec="2" bec="0" bev="0" fileid="1" />
                <SequencePoint vc="7" uspid="182" ordinal="19" sl="182" sc="1" el="182" ec="2" bec="0" bev="0" fileid="1" />
              </SequencePoints>
              <BranchPoints>
                <BranchPoint vc="1" uspid="153" ordinal="0" path="0" offset="30" offsetend="32" sl="153" fileid="1" />
                <BranchPoint vc="7" uspid="153" ordinal="1" path="1" offset="30" offsetend="55" sl="153" fileid="1" />
                <BranchPoint vc="7" uspid="156" ordinal="2" path="0" offset="72" offsetend="74" sl="156" fileid="1" />
              </BranchPoints>
              <MethodPoint vc="4" uspid="0" p8:type="SequencePoint" ordinal="0" offset="0" sc="0" sl="153" ec="1" el="182" bec="0" bev="0" fileid="1" xmlns:p8="xsi" />
            </Method>
          </Methods>
        </Class>
        <Class>
          <Summary numSequencePoints="1" visitedSequencePoints="1" numBranchPoints="2" visitedBranchPoints="2" sequenceCoverage="100" branchCoverage="100" maxCyclomaticComplexity="2" minCyclomaticComplexity="2" visitedClasses="1" numClasses="1" visitedMethods="1" numMethods="1" />
          <FullName>Marvin.Migrations.DbMigrator/&lt;&gt;c__DisplayClass12_0</FullName>
          <Methods>
            <Method cyclomaticComplexity="2" nPathComplexity="0" sequenceCoverage="100" branchCoverage="100" isConstructor="False" isGetter="False" isSetter="False" isStatic="True">
              <Summary numSequencePoints="1" visitedSequencePoints="1" numBranchPoints="2" visitedBranchPoints="2" sequenceCoverage="100" branchCoverage="100" maxCyclomaticComplexity="2" minCyclomaticComplexity="2" visitedClasses="0" numClasses="0" visitedMethods="1" numMethods="1" />
              <MetadataToken />
              <Name>System.Boolean Marvin.Migrations.DbMigrator/&lt;&gt;c__DisplayClass12_0::&lt;UpgradeAsync&gt;b__0(Marvin.Migrations.IMigration)</Name>
              <FileRef uid="1" />
              <SequencePoints>
                <SequencePoint vc="18" uspid="194" ordinal="0" sl="194" sc="1" el="194" ec="2" bec="0" bev="0" fileid="1" />
              </SequencePoints>
              <BranchPoints>
                <BranchPoint vc="10" uspid="194" ordinal="0" path="0" offset="17" offsetend="19" sl="194" fileid="1" />
                <BranchPoint vc="4" uspid="194" ordinal="1" path="1" offset="17" offsetend="37" sl="194" fileid="1" />
              </BranchPoints>
              <MethodPoint vc="1" uspid="0" p8:type="SequencePoint" ordinal="0" offset="0" sc="0" sl="194" ec="1" el="194" bec="0" bev="0" fileid="1" xmlns:p8="xsi" />
            </Method>
          </Methods>
        </Class>
        <Class>
          <Summary numSequencePoints="28" visitedSequencePoints="23" numBranchPoints="19" visitedBranchPoints="19" sequenceCoverage="82.14" branchCoverage="100" maxCyclomaticComplexity="19" minCyclomaticComplexity="19" visitedClasses="1" numClasses="1" visitedMethods="1" numMethods="1" />
          <FullName>Marvin.Migrations.DbMigrator/&lt;UpgradeAsync&gt;d__12</FullName>
          <Methods>
            <Method cyclomaticComplexity="19" nPathComplexity="0" sequenceCoverage="82.14" branchCoverage="100" isConstructor="False" isGetter="False" isSetter="False" isStatic="True">
              <Summary numSequencePoints="28" visitedSequencePoints="23" numBranchPoints="19" visitedBranchPoints="19" sequenceCoverage="82.14" branchCoverage="100" maxCyclomaticComplexity="19" minCyclomaticComplexity="19" visitedClasses="0" numClasses="0" visitedMethods="1" numMethods="1" />
              <MetadataToken />
              <Name>System.Void Marvin.Migrations.DbMigrator/&lt;UpgradeAsync&gt;d__12::MoveNext()</Name>
              <FileRef uid="1" />
              <SequencePoints>
                <SequencePoint vc="4" uspid="193" ordinal="0" sl="193" sc="1" el="193" ec="2" bec="0" bev="0" fileid="1" />
                <SequencePoint vc="4" uspid="196" ordinal="1" sl="196" sc="1" el="196" ec="2" bec="0" bev="0" fileid="1" />
                <SequencePoint vc="4" uspid="197" ordinal="2" sl="197" sc="1" el="197" ec="2" bec="0" bev="0" fileid="1" />
                <SequencePoint vc="4" uspid="199" ordinal="3" sl="199" sc="1" el="199" ec="2" bec="0" bev="0" fileid="1" />
                <SequencePoint vc="4" uspid="200" ordinal="4" sl="200" sc="1" el="200" ec="2" bec="0" bev="0" fileid="1" />
                <SequencePoint vc="22" uspid="201" ordinal="5" sl="201" sc="1" el="201" ec="2" bec="0" bev="0" fileid="1" />
                <SequencePoint vc="8" uspid="203" ordinal="6" sl="203" sc="1" el="203" ec="2" bec="0" bev="0" fileid="1" />
                <SequencePoint vc="2" uspid="205" ordinal="7" sl="205" sc="1" el="205" ec="2" bec="0" bev="0" fileid="1" />
                <SequencePoint vc="6" uspid="210" ordinal="8" sl="210" sc="1" el="210" ec="2" bec="0" bev="0" fileid="1" />
                <SequencePoint vc="6" uspid="211" ordinal="9" sl="211" sc="1" el="211" ec="2" bec="0" bev="0" fileid="1" />
                <SequencePoint vc="6" uspid="213" ordinal="10" sl="213" sc="1" el="213" ec="2" bec="0" bev="0" fileid="1" />
                <SequencePoint vc="6" uspid="217" ordinal="11" sl="217" sc="1" el="217" ec="2" bec="0" bev="0" fileid="1" />
                <SequencePoint vc="6" uspid="218" ordinal="12" sl="218" sc="1" el="218" ec="2" bec="0" bev="0" fileid="1" />
                <SequencePoint vc="6" uspid="219" ordinal="13" sl="219" sc="1" el="219" ec="2" bec="0" bev="0" fileid="1" />
                <SequencePoint vc="6" uspid="220" ordinal="14" sl="220" sc="1" el="220" ec="2" bec="0" bev="0" fileid="1" />
                <SequencePoint vc="6" uspid="221" ordinal="15" sl="221" sc="1" el="221" ec="2" bec="0" bev="0" fileid="1" />
                <SequencePoint vc="6" uspid="225" ordinal="16" sl="225" sc="1" el="225" ec="2" bec="0" bev="0" fileid="1" />
                <SequencePoint vc="6" uspid="227" ordinal="17" sl="227" sc="1" el="227" ec="2" bec="0" bev="0" fileid="1" />
                <SequencePoint vc="6" uspid="228" ordinal="18" sl="228" sc="1" el="228" ec="2" bec="0" bev="0" fileid="1" />
                <SequencePoint vc="0" uspid="229" ordinal="19" sl="229" sc="1" el="229" ec="2" bec="0" bev="0" fileid="1" />
                <SequencePoint vc="0" uspid="231" ordinal="20" sl="231" sc="1" el="231" ec="2" bec="0" bev="0" fileid="1" />
                <SequencePoint vc="0" uspid="232" ordinal="21" sl="232" sc="1" el="232" ec="2" bec="0" bev="0" fileid="1" />
                <SequencePoint vc="6" uspid="234" ordinal="22" sl="234" sc="1" el="234" ec="2" bec="0" bev="0" fileid="1" />
                <SequencePoint vc="6" uspid="235" ordinal="23" sl="235" sc="1" el="235" ec="2" bec="0" bev="0" fileid="1" />
                <SequencePoint vc="2" uspid="237" ordinal="24" sl="237" sc="1" el="237" ec="2" bec="0" bev="0" fileid="1" />
                <SequencePoint vc="0" uspid="238" ordinal="25" sl="238" sc="1" el="238" ec="2" bec="0" bev="0" fileid="1" />
                <SequencePoint vc="0" uspid="239" ordinal="26" sl="239" sc="1" el="239" ec="2" bec="0" bev="0" fileid="1" />
                <SequencePoint vc="2" uspid="240" ordinal="27" sl="240" sc="1" el="240" ec="2" bec="0" bev="0" fileid="1" />
              </SequencePoints>
              <BranchPoints>
                <BranchPoint vc="1" uspid="193" ordinal="0" path="0" offset="100" offsetend="102" sl="193" fileid="1" />
                <BranchPoint vc="4" uspid="193" ordinal="1" path="1" offset="100" offsetend="125" sl="193" fileid="1" />
                <BranchPoint vc="4" uspid="197" ordinal="3" path="1" offset="142" offsetend="149" sl="197" fileid="1" />
                <BranchPoint vc="8" uspid="201" ordinal="30" path="1" offset="1024" offsetend="211" sl="201" fileid="1" />
                <BranchPoint vc="2" uspid="203" ordinal="9" path="0" offset="258" offsetend="260" sl="203" fileid="1" />
                <BranchPoint vc="6" uspid="203" ordinal="10" path="1" offset="258" offsetend="304" sl="203" fileid="1" />
                <BranchPoint vc="6" uspid="210" ordinal="12" path="1" offset="329" offsetend="396" sl="210" fileid="1" />
                <BranchPoint vc="6" uspid="211" ordinal="14" path="1" offset="428" offsetend="495" sl="211" fileid="1" />
                <BranchPoint vc="6" uspid="201" ordinal="7" path="3" offset="185" offsetend="519" sl="201" fileid="1" />
                <BranchPoint vc="6" uspid="201" ordinal="8" path="4" offset="185" offsetend="519" sl="201" fileid="1" />
                <BranchPoint vc="6" uspid="213" ordinal="15" path="0" offset="529" offsetend="534" sl="213" fileid="1" />
                <BranchPoint vc="6" uspid="213" ordinal="17" path="0" offset="536" offsetend="541" sl="213" fileid="1" />
                <BranchPoint vc="6" uspid="217" ordinal="19" path="0" offset="548" offsetend="550" sl="217" fileid="1" />
                <BranchPoint vc="6" uspid="218" ordinal="22" path="1" offset="631" offsetend="698" sl="218" fileid="1" />
                <BranchPoint vc="6" uspid="219" ordinal="24" path="1" offset="741" offsetend="808" sl="219" fileid="1" />
                <BranchPoint vc="6" uspid="227" ordinal="25" path="0" offset="858" offsetend="860" sl="227" fileid="1" />
                <BranchPoint vc="10" uspid="201" ordinal="4" path="0" offset="185" offsetend="1013" sl="201" fileid="1" />
                <BranchPoint vc="2" uspid="201" ordinal="29" path="0" offset="1024" offsetend="1029" sl="201" fileid="1" />
                <BranchPoint vc="2" uspid="237" ordinal="32" path="1" offset="1082" offsetend="1123" sl="237" fileid="1" />
              </BranchPoints>
              <MethodPoint vc="23" uspid="0" p8:type="SequencePoint" ordinal="0" offset="0" sc="0" sl="193" ec="1" el="240" bec="0" bev="0" fileid="1" xmlns:p8="xsi" />
            </Method>
          </Methods>
        </Class>
        <Class>
          <Summary numSequencePoints="1" visitedSequencePoints="1" numBranchPoints="2" visitedBranchPoints="1" sequenceCoverage="100" branchCoverage="50" maxCyclomaticComplexity="2" minCyclomaticComplexity="2" visitedClasses="1" numClasses="1" visitedMethods="1" numMethods="1" />
          <FullName>Marvin.Migrations.DbMigrator/&lt;&gt;c__DisplayClass14_0</FullName>
          <Methods>
            <Method cyclomaticComplexity="2" nPathComplexity="0" sequenceCoverage="100" branchCoverage="50" isConstructor="False" isGetter="False" isSetter="False" isStatic="True">
              <Summary numSequencePoints="1" visitedSequencePoints="1" numBranchPoints="2" visitedBranchPoints="1" sequenceCoverage="100" branchCoverage="50" maxCyclomaticComplexity="2" minCyclomaticComplexity="2" visitedClasses="0" numClasses="0" visitedMethods="1" numMethods="1" />
              <MetadataToken />
              <Name>System.Boolean Marvin.Migrations.DbMigrator/&lt;&gt;c__DisplayClass14_0::&lt;DowngradeAsync&gt;b__0(Marvin.Migrations.IMigration)</Name>
              <FileRef uid="1" />
              <SequencePoints>
                <SequencePoint vc="14" uspid="273" ordinal="0" sl="273" sc="1" el="273" ec="2" bec="0" bev="0" fileid="1" />
              </SequencePoints>
              <BranchPoints>
                <BranchPoint vc="11" uspid="273" ordinal="0" path="0" offset="17" offsetend="19" sl="273" fileid="1" />
                <BranchPoint vc="0" uspid="273" ordinal="1" path="1" offset="17" offsetend="37" sl="273" fileid="1" />
              </BranchPoints>
              <MethodPoint vc="1" uspid="0" p8:type="SequencePoint" ordinal="0" offset="0" sc="0" sl="273" ec="1" el="273" bec="0" bev="0" fileid="1" xmlns:p8="xsi" />
            </Method>
          </Methods>
        </Class>
        <Class>
          <Summary numSequencePoints="35" visitedSequencePoints="29" numBranchPoints="17" visitedBranchPoints="17" sequenceCoverage="82.85" branchCoverage="100" maxCyclomaticComplexity="17" minCyclomaticComplexity="17" visitedClasses="1" numClasses="1" visitedMethods="1" numMethods="1" />
          <FullName>Marvin.Migrations.DbMigrator/&lt;DowngradeAsync&gt;d__14</FullName>
          <Methods>
            <Method cyclomaticComplexity="17" nPathComplexity="0" sequenceCoverage="82.85" branchCoverage="100" isConstructor="False" isGetter="False" isSetter="False" isStatic="True">
              <Summary numSequencePoints="35" visitedSequencePoints="29" numBranchPoints="17" visitedBranchPoints="17" sequenceCoverage="82.85" branchCoverage="100" maxCyclomaticComplexity="17" minCyclomaticComplexity="17" visitedClasses="0" numClasses="0" visitedMethods="1" numMethods="1" />
              <MetadataToken />
              <Name>System.Void Marvin.Migrations.DbMigrator/&lt;DowngradeAsync&gt;d__14::MoveNext()</Name>
              <FileRef uid="1" />
              <SequencePoints>
                <SequencePoint vc="3" uspid="272" ordinal="0" sl="272" sc="1" el="272" ec="2" bec="0" bev="0" fileid="1" />
                <SequencePoint vc="3" uspid="275" ordinal="1" sl="275" sc="1" el="275" ec="2" bec="0" bev="0" fileid="1" />
                <SequencePoint vc="3" uspid="276" ordinal="2" sl="276" sc="1" el="276" ec="2" bec="0" bev="0" fileid="1" />
                <SequencePoint vc="3" uspid="278" ordinal="3" sl="278" sc="1" el="278" ec="2" bec="0" bev="0" fileid="1" />
                <SequencePoint vc="3" uspid="279" ordinal="4" sl="279" sc="1" el="279" ec="2" bec="0" bev="0" fileid="1" />
                <SequencePoint vc="12" uspid="280" ordinal="5" sl="280" sc="1" el="280" ec="2" bec="0" bev="0" fileid="1" />
                <SequencePoint vc="5" uspid="282" ordinal="6" sl="282" sc="1" el="282" ec="2" bec="0" bev="0" fileid="1" />
                <SequencePoint vc="5" uspid="283" ordinal="7" sl="283" sc="1" el="283" ec="2" bec="0" bev="0" fileid="1" />
                <SequencePoint vc="5" uspid="285" ordinal="8" sl="285" sc="1" el="285" ec="2" bec="0" bev="0" fileid="1" />
                <SequencePoint vc="5" uspid="286" ordinal="9" sl="286" sc="1" el="286" ec="2" bec="0" bev="0" fileid="1" />
                <SequencePoint vc="2" uspid="288" ordinal="10" sl="288" sc="1" el="288" ec="2" bec="0" bev="0" fileid="1" />
                <SequencePoint vc="2" uspid="289" ordinal="11" sl="289" sc="1" el="289" ec="2" bec="0" bev="0" fileid="1" />
                <SequencePoint vc="3" uspid="295" ordinal="12" sl="295" sc="1" el="295" ec="2" bec="0" bev="0" fileid="1" />
                <SequencePoint vc="3" uspid="296" ordinal="13" sl="296" sc="1" el="296" ec="2" bec="0" bev="0" fileid="1" />
                <SequencePoint vc="3" uspid="298" ordinal="14" sl="298" sc="1" el="298" ec="2" bec="0" bev="0" fileid="1" />
                <SequencePoint vc="3" uspid="302" ordinal="15" sl="302" sc="1" el="302" ec="2" bec="0" bev="0" fileid="1" />
                <SequencePoint vc="3" uspid="303" ordinal="16" sl="303" sc="1" el="303" ec="2" bec="0" bev="0" fileid="1" />
                <SequencePoint vc="3" uspid="304" ordinal="17" sl="304" sc="1" el="304" ec="2" bec="0" bev="0" fileid="1" />
                <SequencePoint vc="3" uspid="305" ordinal="18" sl="305" sc="1" el="305" ec="2" bec="0" bev="0" fileid="1" />
                <SequencePoint vc="3" uspid="306" ordinal="19" sl="306" sc="1" el="306" ec="2" bec="0" bev="0" fileid="1" />
                <SequencePoint vc="3" uspid="307" ordinal="20" sl="307" sc="1" el="307" ec="2" bec="0" bev="0" fileid="1" />
                <SequencePoint vc="3" uspid="311" ordinal="21" sl="311" sc="1" el="311" ec="2" bec="0" bev="0" fileid="1" />
                <SequencePoint vc="3" uspid="313" ordinal="22" sl="313" sc="1" el="313" ec="2" bec="0" bev="0" fileid="1" />
                <SequencePoint vc="3" uspid="314" ordinal="23" sl="314" sc="1" el="314" ec="2" bec="0" bev="0" fileid="1" />
                <SequencePoint vc="3" uspid="316" ordinal="24" sl="316" sc="1" el="316" ec="2" bec="0" bev="0" fileid="1" />
                <SequencePoint vc="0" uspid="317" ordinal="25" sl="317" sc="1" el="317" ec="2" bec="0" bev="0" fileid="1" />
                <SequencePoint vc="0" uspid="319" ordinal="26" sl="319" sc="1" el="319" ec="2" bec="0" bev="0" fileid="1" />
                <SequencePoint vc="0" uspid="320" ordinal="27" sl="320" sc="1" el="320" ec="2" bec="0" bev="0" fileid="1" />
                <SequencePoint vc="3" uspid="322" ordinal="28" sl="322" sc="1" el="322" ec="2" bec="0" bev="0" fileid="1" />
                <SequencePoint vc="3" uspid="323" ordinal="29" sl="323" sc="1" el="323" ec="2" bec="0" bev="0" fileid="1" />
                <SequencePoint vc="1" uspid="325" ordinal="30" sl="325" sc="1" el="325" ec="2" bec="0" bev="0" fileid="1" />
                <SequencePoint vc="0" uspid="326" ordinal="31" sl="326" sc="1" el="326" ec="2" bec="0" bev="0" fileid="1" />
                <SequencePoint vc="0" uspid="327" ordinal="32" sl="327" sc="1" el="327" ec="2" bec="0" bev="0" fileid="1" />
                <SequencePoint vc="0" uspid="328" ordinal="33" sl="328" sc="1" el="328" ec="2" bec="0" bev="0" fileid="1" />
                <SequencePoint vc="1" uspid="329" ordinal="34" sl="329" sc="1" el="329" ec="2" bec="0" bev="0" fileid="1" />
              </SequencePoints>
              <BranchPoints>
                <BranchPoint vc="1" uspid="272" ordinal="0" path="0" offset="116" offsetend="118" sl="272" fileid="1" />
                <BranchPoint vc="3" uspid="272" ordinal="1" path="1" offset="116" offsetend="141" sl="272" fileid="1" />
                <BranchPoint vc="3" uspid="276" ordinal="2" path="0" offset="167" offsetend="169" sl="276" fileid="1" />
                <BranchPoint vc="3" uspid="276" ordinal="5" path="1" offset="181" offsetend="188" sl="276" fileid="1" />
                <BranchPoint vc="5" uspid="280" ordinal="27" path="1" offset="1088" offsetend="221" sl="280" fileid="1" />
                <BranchPoint vc="2" uspid="285" ordinal="6" path="0" offset="298" offsetend="300" sl="285" fileid="1" />
                <BranchPoint vc="3" uspid="285" ordinal="7" path="1" offset="298" offsetend="339" sl="285" fileid="1" />
                <BranchPoint vc="3" uspid="295" ordinal="9" path="1" offset="364" offsetend="431" sl="295" fileid="1" />
                <BranchPoint vc="3" uspid="296" ordinal="11" path="1" offset="463" offsetend="530" sl="296" fileid="1" />
                <BranchPoint vc="3" uspid="298" ordinal="12" path="0" offset="564" offsetend="569" sl="298" fileid="1" />
                <BranchPoint vc="3" uspid="298" ordinal="14" path="0" offset="571" offsetend="576" sl="298" fileid="1" />
                <BranchPoint vc="3" uspid="302" ordinal="16" path="0" offset="583" offsetend="585" sl="302" fileid="1" />
                <BranchPoint vc="3" uspid="304" ordinal="19" path="1" offset="690" offsetend="757" sl="304" fileid="1" />
                <BranchPoint vc="3" uspid="305" ordinal="21" path="1" offset="795" offsetend="862" sl="305" fileid="1" />
                <BranchPoint vc="3" uspid="313" ordinal="22" path="0" offset="901" offsetend="903" sl="313" fileid="1" />
                <BranchPoint vc="1" uspid="280" ordinal="26" path="0" offset="1088" offsetend="1093" sl="280" fileid="1" />
                <BranchPoint vc="1" uspid="325" ordinal="29" path="1" offset="1110" offsetend="1151" sl="325" fileid="1" />
              </BranchPoints>
              <MethodPoint vc="29" uspid="0" p8:type="SequencePoint" ordinal="0" offset="0" sc="0" sl="272" ec="1" el="329" bec="0" bev="0" fileid="1" xmlns:p8="xsi" />
            </Method>
          </Methods>
        </Class>
        <Class>
          <Summary numSequencePoints="52" visitedSequencePoints="28" numBranchPoints="20" visitedBranchPoints="7" sequenceCoverage="53.84" branchCoverage="35" maxCyclomaticComplexity="4" minCyclomaticComplexity="1" visitedClasses="1" numClasses="1" visitedMethods="14" numMethods="18" />
          <FullName>Marvin.Migrations.DbVersion</FullName>
          <Methods>
            <Method cyclomaticComplexity="1" nPathComplexity="0" sequenceCoverage="100" branchCoverage="100" isConstructor="False" isGetter="True" isSetter="False" isStatic="True">
              <Summary numSequencePoints="1" visitedSequencePoints="1" numBranchPoints="0" visitedBranchPoints="0" sequenceCoverage="100" branchCoverage="100" maxCyclomaticComplexity="1" minCyclomaticComplexity="1" visitedClasses="0" numClasses="0" visitedMethods="1" numMethods="1" />
              <MetadataToken />
              <Name>System.Int32 Marvin.Migrations.DbVersion::get_Major()</Name>
              <FileRef uid="2" />
              <SequencePoints>
                <SequencePoint vc="679" uspid="20" ordinal="0" sl="20" sc="1" el="20" ec="2" bec="0" bev="0" fileid="2" />
              </SequencePoints>
              <BranchPoints />
              <MethodPoint vc="1" uspid="0" p8:type="SequencePoint" ordinal="0" offset="0" sc="0" sl="20" ec="1" el="20" bec="0" bev="0" fileid="2" xmlns:p8="xsi" />
            </Method>
            <Method cyclomaticComplexity="1" nPathComplexity="0" sequenceCoverage="100" branchCoverage="100" isConstructor="False" isGetter="True" isSetter="False" isStatic="True">
              <Summary numSequencePoints="1" visitedSequencePoints="1" numBranchPoints="0" visitedBranchPoints="0" sequenceCoverage="100" branchCoverage="100" maxCyclomaticComplexity="1" minCyclomaticComplexity="1" visitedClasses="0" numClasses="0" visitedMethods="1" numMethods="1" />
              <MetadataToken />
              <Name>System.Int32 Marvin.Migrations.DbVersion::get_Minor()</Name>
              <FileRef uid="2" />
              <SequencePoints>
                <SequencePoint vc="581" uspid="28" ordinal="0" sl="28" sc="1" el="28" ec="2" bec="0" bev="0" fileid="2" />
              </SequencePoints>
              <BranchPoints />
              <MethodPoint vc="1" uspid="0" p8:type="SequencePoint" ordinal="1" offset="1" sc="0" sl="28" ec="1" el="28" bec="0" bev="0" fileid="2" xmlns:p8="xsi" />
            </Method>
            <Method cyclomaticComplexity="2" nPathComplexity="0" sequenceCoverage="100" branchCoverage="50" isConstructor="False" isGetter="False" isSetter="False" isStatic="True">
              <Summary numSequencePoints="3" visitedSequencePoints="3" numBranchPoints="2" visitedBranchPoints="1" sequenceCoverage="100" branchCoverage="50" maxCyclomaticComplexity="2" minCyclomaticComplexity="2" visitedClasses="0" numClasses="0" visitedMethods="1" numMethods="1" />
              <MetadataToken />
              <Name>System.Int32 Marvin.Migrations.DbVersion::GetCorrectNumber(System.Int32)</Name>
              <FileRef uid="2" />
              <SequencePoints>
                <SequencePoint vc="244" uspid="39" ordinal="0" sl="39" sc="1" el="39" ec="2" bec="0" bev="0" fileid="2" />
                <SequencePoint vc="244" uspid="40" ordinal="1" sl="40" sc="1" el="40" ec="2" bec="0" bev="0" fileid="2" />
                <SequencePoint vc="244" uspid="41" ordinal="2" sl="41" sc="1" el="41" ec="2" bec="0" bev="0" fileid="2" />
              </SequencePoints>
              <BranchPoints>
                <BranchPoint vc="244" uspid="39" ordinal="0" path="0" offset="2" offsetend="4" sl="39" fileid="2" />
                <BranchPoint vc="0" uspid="39" ordinal="1" path="1" offset="2" offsetend="6" sl="39" fileid="2" />
              </BranchPoints>
              <MethodPoint vc="3" uspid="0" p8:type="SequencePoint" ordinal="2" offset="2" sc="0" sl="39" ec="1" el="41" bec="0" bev="0" fileid="2" xmlns:p8="xsi" />
            </Method>
            <Method cyclomaticComplexity="2" nPathComplexity="0" sequenceCoverage="0" branchCoverage="0" isConstructor="False" isGetter="False" isSetter="False" isStatic="True">
              <Summary numSequencePoints="1" visitedSequencePoints="0" numBranchPoints="2" visitedBranchPoints="0" sequenceCoverage="0" branchCoverage="0" maxCyclomaticComplexity="2" minCyclomaticComplexity="2" visitedClasses="0" numClasses="0" visitedMethods="0" numMethods="1" />
              <MetadataToken />
              <Name>System.Boolean Marvin.Migrations.DbVersion::Equals(System.Object)</Name>
              <FileRef uid="2" />
              <SequencePoints>
                <SequencePoint vc="0" uspid="65" ordinal="0" sl="65" sc="1" el="65" ec="2" bec="0" bev="0" fileid="2" />
              </SequencePoints>
              <BranchPoints>
                <BranchPoint vc="0" uspid="65" ordinal="0" path="0" offset="6" offsetend="8" sl="65" fileid="2" />
                <BranchPoint vc="0" uspid="65" ordinal="1" path="1" offset="6" offsetend="23" sl="65" fileid="2" />
              </BranchPoints>
              <MethodPoint vc="0" uspid="0" p8:type="SequencePoint" ordinal="3" offset="3" sc="0" sl="65" ec="1" el="65" bec="0" bev="0" fileid="2" xmlns:p8="xsi" />
            </Method>
            <Method cyclomaticComplexity="2" nPathComplexity="0" sequenceCoverage="100" branchCoverage="50" isConstructor="False" isGetter="False" isSetter="False" isStatic="True">
              <Summary numSequencePoints="1" visitedSequencePoints="1" numBranchPoints="2" visitedBranchPoints="1" sequenceCoverage="100" branchCoverage="50" maxCyclomaticComplexity="2" minCyclomaticComplexity="2" visitedClasses="0" numClasses="0" visitedMethods="1" numMethods="1" />
              <MetadataToken />
              <Name>System.Boolean Marvin.Migrations.DbVersion::Equals(Marvin.Migrations.DbVersion)</Name>
              <FileRef uid="2" />
              <SequencePoints>
                <SequencePoint vc="72" uspid="71" ordinal="0" sl="71" sc="1" el="71" ec="2" bec="0" bev="0" fileid="2" />
              </SequencePoints>
              <BranchPoints>
                <BranchPoint vc="72" uspid="71" ordinal="0" path="0" offset="13" offsetend="15" sl="71" fileid="2" />
                <BranchPoint vc="0" uspid="71" ordinal="1" path="1" offset="13" offsetend="31" sl="71" fileid="2" />
              </BranchPoints>
              <MethodPoint vc="1" uspid="0" p8:type="SequencePoint" ordinal="4" offset="4" sc="0" sl="71" ec="1" el="71" bec="0" bev="0" fileid="2" xmlns:p8="xsi" />
            </Method>
            <Method cyclomaticComplexity="1" nPathComplexity="0" sequenceCoverage="100" branchCoverage="100" isConstructor="False" isGetter="False" isSetter="False" isStatic="True">
              <Summary numSequencePoints="1" visitedSequencePoints="1" numBranchPoints="0" visitedBranchPoints="0" sequenceCoverage="100" branchCoverage="100" maxCyclomaticComplexity="1" minCyclomaticComplexity="1" visitedClasses="0" numClasses="0" visitedMethods="1" numMethods="1" />
              <MetadataToken />
              <Name>System.String Marvin.Migrations.DbVersion::ToString()</Name>
              <FileRef uid="2" />
              <SequencePoints>
                <SequencePoint vc="5" uspid="77" ordinal="0" sl="77" sc="1" el="77" ec="2" bec="0" bev="0" fileid="2" />
              </SequencePoints>
              <BranchPoints />
              <MethodPoint vc="1" uspid="0" p8:type="SequencePoint" ordinal="5" offset="5" sc="0" sl="77" ec="1" el="77" bec="0" bev="0" fileid="2" xmlns:p8="xsi" />
            </Method>
            <Method cyclomaticComplexity="2" nPathComplexity="0" sequenceCoverage="100" branchCoverage="100" isConstructor="False" isGetter="False" isSetter="False" isStatic="True">
              <Summary numSequencePoints="5" visitedSequencePoints="5" numBranchPoints="2" visitedBranchPoints="2" sequenceCoverage="100" branchCoverage="100" maxCyclomaticComplexity="2" minCyclomaticComplexity="2" visitedClasses="0" numClasses="0" visitedMethods="1" numMethods="1" />
              <MetadataToken />
              <Name>System.Int32 Marvin.Migrations.DbVersion::CompareTo(System.Object)</Name>
              <FileRef uid="2" />
              <SequencePoints>
                <SequencePoint vc="155" uspid="83" ordinal="0" sl="83" sc="1" el="83" ec="2" bec="0" bev="0" fileid="2" />
                <SequencePoint vc="155" uspid="85" ordinal="1" sl="85" sc="1" el="85" ec="2" bec="0" bev="0" fileid="2" />
                <SequencePoint vc="155" uspid="86" ordinal="2" sl="86" sc="1" el="86" ec="2" bec="0" bev="0" fileid="2" />
                <SequencePoint vc="46" uspid="88" ordinal="3" sl="88" sc="1" el="88" ec="2" bec="0" bev="0" fileid="2" />
                <SequencePoint vc="109" uspid="91" ordinal="4" sl="91" sc="1" el="91" ec="2" bec="0" bev="0" fileid="2" />
              </SequencePoints>
              <BranchPoints>
                <BranchPoint vc="46" uspid="86" ordinal="0" path="0" offset="30" offsetend="32" sl="86" fileid="2" />
                <BranchPoint vc="109" uspid="86" ordinal="1" path="1" offset="30" offsetend="34" sl="86" fileid="2" />
              </BranchPoints>
              <MethodPoint vc="5" uspid="0" p8:type="SequencePoint" ordinal="6" offset="6" sc="0" sl="83" ec="1" el="91" bec="0" bev="0" fileid="2" xmlns:p8="xsi" />
            </Method>
            <Method cyclomaticComplexity="1" nPathComplexity="0" sequenceCoverage="100" branchCoverage="100" isConstructor="False" isGetter="False" isSetter="False" isStatic="True">
              <Summary numSequencePoints="3" visitedSequencePoints="3" numBranchPoints="0" visitedBranchPoints="0" sequenceCoverage="100" branchCoverage="100" maxCyclomaticComplexity="1" minCyclomaticComplexity="1" visitedClasses="0" numClasses="0" visitedMethods="1" numMethods="1" />
              <MetadataToken />
              <Name>System.Int32 Marvin.Migrations.DbVersion::GetHashCode()</Name>
              <FileRef uid="2" />
              <SequencePoints>
                <SequencePoint vc="194" uspid="99" ordinal="0" sl="99" sc="1" el="99" ec="2" bec="0" bev="0" fileid="2" />
                <SequencePoint vc="194" uspid="100" ordinal="1" sl="100" sc="1" el="100" ec="2" bec="0" bev="0" fileid="2" />
                <SequencePoint vc="194" uspid="101" ordinal="2" sl="101" sc="1" el="101" ec="2" bec="0" bev="0" fileid="2" />
              </SequencePoints>
              <BranchPoints />
              <MethodPoint vc="3" uspid="0" p8:type="SequencePoint" ordinal="7" offset="7" sc="0" sl="99" ec="1" el="101" bec="0" bev="0" fileid="2" xmlns:p8="xsi" />
            </Method>
            <Method cyclomaticComplexity="1" nPathComplexity="0" sequenceCoverage="100" branchCoverage="100" isConstructor="False" isGetter="False" isSetter="False" isStatic="True">
              <Summary numSequencePoints="1" visitedSequencePoints="1" numBranchPoints="0" visitedBranchPoints="0" sequenceCoverage="100" branchCoverage="100" maxCyclomaticComplexity="1" minCyclomaticComplexity="1" visitedClasses="0" numClasses="0" visitedMethods="1" numMethods="1" />
              <MetadataToken />
              <Name>System.Boolean Marvin.Migrations.DbVersion::op_Equality(Marvin.Migrations.DbVersion,Marvin.Migrations.DbVersion)</Name>
              <FileRef uid="2" />
              <SequencePoints>
                <SequencePoint vc="9" uspid="113" ordinal="0" sl="113" sc="1" el="113" ec="2" bec="0" bev="0" fileid="2" />
              </SequencePoints>
              <BranchPoints />
              <MethodPoint vc="1" uspid="0" p8:type="SequencePoint" ordinal="8" offset="8" sc="0" sl="113" ec="1" el="113" bec="0" bev="0" fileid="2" xmlns:p8="xsi" />
            </Method>
            <Method cyclomaticComplexity="1" nPathComplexity="0" sequenceCoverage="100" branchCoverage="100" isConstructor="False" isGetter="False" isSetter="False" isStatic="True">
              <Summary numSequencePoints="1" visitedSequencePoints="1" numBranchPoints="0" visitedBranchPoints="0" sequenceCoverage="100" branchCoverage="100" maxCyclomaticComplexity="1" minCyclomaticComplexity="1" visitedClasses="0" numClasses="0" visitedMethods="1" numMethods="1" />
              <MetadataToken />
              <Name>System.Boolean Marvin.Migrations.DbVersion::op_Inequality(Marvin.Migrations.DbVersion,Marvin.Migrations.DbVersion)</Name>
              <FileRef uid="2" />
              <SequencePoints>
                <SequencePoint vc="24" uspid="124" ordinal="0" sl="124" sc="1" el="124" ec="2" bec="0" bev="0" fileid="2" />
              </SequencePoints>
              <BranchPoints />
              <MethodPoint vc="1" uspid="0" p8:type="SequencePoint" ordinal="9" offset="9" sc="0" sl="124" ec="1" el="124" bec="0" bev="0" fileid="2" xmlns:p8="xsi" />
            </Method>
            <Method cyclomaticComplexity="1" nPathComplexity="0" sequenceCoverage="0" branchCoverage="100" isConstructor="False" isGetter="False" isSetter="False" isStatic="True">
              <Summary numSequencePoints="1" visitedSequencePoints="0" numBranchPoints="0" visitedBranchPoints="0" sequenceCoverage="0" branchCoverage="100" maxCyclomaticComplexity="1" minCyclomaticComplexity="1" visitedClasses="0" numClasses="0" visitedMethods="0" numMethods="1" />
              <MetadataToken />
              <Name>System.Boolean Marvin.Migrations.DbVersion::op_LessThan(Marvin.Migrations.DbVersion,Marvin.Migrations.DbVersion)</Name>
              <FileRef uid="2" />
              <SequencePoints>
                <SequencePoint vc="0" uspid="135" ordinal="0" sl="135" sc="1" el="135" ec="2" bec="0" bev="0" fileid="2" />
              </SequencePoints>
              <BranchPoints />
              <MethodPoint vc="0" uspid="0" p8:type="SequencePoint" ordinal="10" offset="10" sc="0" sl="135" ec="1" el="135" bec="0" bev="0" fileid="2" xmlns:p8="xsi" />
            </Method>
            <Method cyclomaticComplexity="1" nPathComplexity="0" sequenceCoverage="100" branchCoverage="100" isConstructor="False" isGetter="False" isSetter="False" isStatic="True">
              <Summary numSequencePoints="1" visitedSequencePoints="1" numBranchPoints="0" visitedBranchPoints="0" sequenceCoverage="100" branchCoverage="100" maxCyclomaticComplexity="1" minCyclomaticComplexity="1" visitedClasses="0" numClasses="0" visitedMethods="1" numMethods="1" />
              <MetadataToken />
              <Name>System.Boolean Marvin.Migrations.DbVersion::op_GreaterThan(Marvin.Migrations.DbVersion,Marvin.Migrations.DbVersion)</Name>
              <FileRef uid="2" />
              <SequencePoints>
                <SequencePoint vc="21" uspid="146" ordinal="0" sl="146" sc="1" el="146" ec="2" bec="0" bev="0" fileid="2" />
              </SequencePoints>
              <BranchPoints />
              <MethodPoint vc="1" uspid="0" p8:type="SequencePoint" ordinal="11" offset="11" sc="0" sl="146" ec="1" el="146" bec="0" bev="0" fileid="2" xmlns:p8="xsi" />
            </Method>
            <Method cyclomaticComplexity="1" nPathComplexity="0" sequenceCoverage="100" branchCoverage="100" isConstructor="False" isGetter="False" isSetter="False" isStatic="True">
              <Summary numSequencePoints="1" visitedSequencePoints="1" numBranchPoints="0" visitedBranchPoints="0" sequenceCoverage="100" branchCoverage="100" maxCyclomaticComplexity="1" minCyclomaticComplexity="1" visitedClasses="0" numClasses="0" visitedMethods="1" numMethods="1" />
              <MetadataToken />
              <Name>System.Boolean Marvin.Migrations.DbVersion::op_LessThanOrEqual(Marvin.Migrations.DbVersion,Marvin.Migrations.DbVersion)</Name>
              <FileRef uid="2" />
              <SequencePoints>
                <SequencePoint vc="21" uspid="157" ordinal="0" sl="157" sc="1" el="157" ec="2" bec="0" bev="0" fileid="2" />
              </SequencePoints>
              <BranchPoints />
              <MethodPoint vc="1" uspid="0" p8:type="SequencePoint" ordinal="12" offset="12" sc="0" sl="157" ec="1" el="157" bec="0" bev="0" fileid="2" xmlns:p8="xsi" />
            </Method>
            <Method cyclomaticComplexity="1" nPathComplexity="0" sequenceCoverage="100" branchCoverage="100" isConstructor="False" isGetter="False" isSetter="False" isStatic="True">
              <Summary numSequencePoints="1" visitedSequencePoints="1" numBranchPoints="0" visitedBranchPoints="0" sequenceCoverage="100" branchCoverage="100" maxCyclomaticComplexity="1" minCyclomaticComplexity="1" visitedClasses="0" numClasses="0" visitedMethods="1" numMethods="1" />
              <MetadataToken />
              <Name>System.Boolean Marvin.Migrations.DbVersion::op_GreaterThanOrEqual(Marvin.Migrations.DbVersion,Marvin.Migrations.DbVersion)</Name>
              <FileRef uid="2" />
              <SequencePoints>
                <SequencePoint vc="11" uspid="168" ordinal="0" sl="168" sc="1" el="168" ec="2" bec="0" bev="0" fileid="2" />
              </SequencePoints>
              <BranchPoints />
              <MethodPoint vc="1" uspid="0" p8:type="SequencePoint" ordinal="13" offset="13" sc="0" sl="168" ec="1" el="168" bec="0" bev="0" fileid="2" xmlns:p8="xsi" />
            </Method>
            <Method cyclomaticComplexity="4" nPathComplexity="0" sequenceCoverage="80" branchCoverage="75" isConstructor="False" isGetter="False" isSetter="False" isStatic="True">
              <Summary numSequencePoints="5" visitedSequencePoints="4" numBranchPoints="4" visitedBranchPoints="3" sequenceCoverage="80" branchCoverage="75" maxCyclomaticComplexity="4" minCyclomaticComplexity="4" visitedClasses="0" numClasses="0" visitedMethods="1" numMethods="1" />
              <MetadataToken />
              <Name>Marvin.Migrations.DbVersionDifference Marvin.Migrations.DbVersion::GetDifference(Marvin.Migrations.DbVersion,Marvin.Migrations.DbVersion)</Name>
              <FileRef uid="2" />
              <SequencePoints>
                <SequencePoint vc="13" uspid="179" ordinal="0" sl="179" sc="1" el="179" ec="2" bec="0" bev="0" fileid="2" />
                <SequencePoint vc="3" uspid="181" ordinal="1" sl="181" sc="1" el="181" ec="2" bec="0" bev="0" fileid="2" />
                <SequencePoint vc="10" uspid="183" ordinal="2" sl="183" sc="1" el="183" ec="2" bec="0" bev="0" fileid="2" />
                <SequencePoint vc="10" uspid="185" ordinal="3" sl="185" sc="1" el="185" ec="2" bec="0" bev="0" fileid="2" />
                <SequencePoint vc="0" uspid="188" ordinal="4" sl="188" sc="1" el="188" ec="2" bec="0" bev="0" fileid="2" />
              </SequencePoints>
              <BranchPoints>
                <BranchPoint vc="3" uspid="179" ordinal="0" path="0" offset="14" offsetend="16" sl="179" fileid="2" />
                <BranchPoint vc="10" uspid="179" ordinal="1" path="1" offset="14" offsetend="18" sl="179" fileid="2" />
                <BranchPoint vc="10" uspid="183" ordinal="2" path="0" offset="32" offsetend="34" sl="183" fileid="2" />
                <BranchPoint vc="0" uspid="183" ordinal="3" path="1" offset="32" offsetend="36" sl="183" fileid="2" />
              </BranchPoints>
              <MethodPoint vc="4" uspid="0" p8:type="SequencePoint" ordinal="14" offset="14" sc="0" sl="179" ec="1" el="188" bec="0" bev="0" fileid="2" xmlns:p8="xsi" />
            </Method>
            <Method cyclomaticComplexity="4" nPathComplexity="0" sequenceCoverage="0" branchCoverage="0" isConstructor="False" isGetter="False" isSetter="False" isStatic="True">
              <Summary numSequencePoints="12" visitedSequencePoints="0" numBranchPoints="4" visitedBranchPoints="0" sequenceCoverage="0" branchCoverage="0" maxCyclomaticComplexity="4" minCyclomaticComplexity="4" visitedClasses="0" numClasses="0" visitedMethods="0" numMethods="1" />
              <MetadataToken />
              <Name>System.Boolean Marvin.Migrations.DbVersion::TryParse(System.String,Marvin.Migrations.DbVersion&amp;)</Name>
              <FileRef uid="2" />
              <SequencePoints>
                <SequencePoint vc="0" uspid="199" ordinal="0" sl="199" sc="1" el="199" ec="2" bec="0" bev="0" fileid="2" />
                <SequencePoint vc="0" uspid="201" ordinal="1" sl="201" sc="1" el="201" ec="2" bec="0" bev="0" fileid="2" />
                <SequencePoint vc="0" uspid="202" ordinal="2" sl="202" sc="1" el="202" ec="2" bec="0" bev="0" fileid="2" />
                <SequencePoint vc="0" uspid="205" ordinal="3" sl="205" sc="1" el="205" ec="2" bec="0" bev="0" fileid="2" />
                <SequencePoint vc="0" uspid="206" ordinal="4" sl="206" sc="1" el="206" ec="2" bec="0" bev="0" fileid="2" />
                <SequencePoint vc="0" uspid="208" ordinal="5" sl="208" sc="1" el="208" ec="2" bec="0" bev="0" fileid="2" />
                <SequencePoint vc="0" uspid="209" ordinal="6" sl="209" sc="1" el="209" ec="2" bec="0" bev="0" fileid="2" />
                <SequencePoint vc="0" uspid="212" ordinal="7" sl="212" sc="1" el="212" ec="2" bec="0" bev="0" fileid="2" />
                <SequencePoint vc="0" uspid="214" ordinal="8" sl="214" sc="1" el="214" ec="2" bec="0" bev="0" fileid="2" />
                <SequencePoint vc="0" uspid="215" ordinal="9" sl="215" sc="1" el="215" ec="2" bec="0" bev="0" fileid="2" />
                <SequencePoint vc="0" uspid="217" ordinal="10" sl="217" sc="1" el="217" ec="2" bec="0" bev="0" fileid="2" />
                <SequencePoint vc="0" uspid="219" ordinal="11" sl="219" sc="1" el="219" ec="2" bec="0" bev="0" fileid="2" />
              </SequencePoints>
              <BranchPoints>
                <BranchPoint vc="0" uspid="199" ordinal="0" path="0" offset="6" offsetend="8" sl="199" fileid="2" />
                <BranchPoint vc="0" uspid="199" ordinal="1" path="1" offset="6" offsetend="17" sl="199" fileid="2" />
                <BranchPoint vc="0" uspid="206" ordinal="2" path="0" offset="39" offsetend="41" sl="206" fileid="2" />
                <BranchPoint vc="0" uspid="206" ordinal="3" path="1" offset="39" offsetend="50" sl="206" fileid="2" />
              </BranchPoints>
              <MethodPoint vc="0" uspid="0" p8:type="SequencePoint" ordinal="15" offset="15" sc="0" sl="199" ec="1" el="219" bec="0" bev="0" fileid="2" xmlns:p8="xsi" />
            </Method>
            <Method cyclomaticComplexity="1" nPathComplexity="0" sequenceCoverage="100" branchCoverage="100" isConstructor="True" isGetter="False" isSetter="False" isStatic="True">
              <Summary numSequencePoints="4" visitedSequencePoints="4" numBranchPoints="0" visitedBranchPoints="0" sequenceCoverage="100" branchCoverage="100" maxCyclomaticComplexity="1" minCyclomaticComplexity="1" visitedClasses="0" numClasses="0" visitedMethods="1" numMethods="1" />
              <MetadataToken />
              <Name>System.Void Marvin.Migrations.DbVersion::.ctor(System.Int32,System.Int32)</Name>
              <FileRef uid="2" />
              <SequencePoints>
                <SequencePoint vc="122" uspid="31" ordinal="0" sl="31" sc="1" el="31" ec="2" bec="0" bev="0" fileid="2" />
                <SequencePoint vc="122" uspid="33" ordinal="1" sl="33" sc="1" el="33" ec="2" bec="0" bev="0" fileid="2" />
                <SequencePoint vc="122" uspid="34" ordinal="2" sl="34" sc="1" el="34" ec="2" bec="0" bev="0" fileid="2" />
                <SequencePoint vc="122" uspid="35" ordinal="3" sl="35" sc="1" el="35" ec="2" bec="0" bev="0" fileid="2" />
              </SequencePoints>
              <BranchPoints />
              <MethodPoint vc="4" uspid="0" p8:type="SequencePoint" ordinal="16" offset="16" sc="0" sl="31" ec="1" el="35" bec="0" bev="0" fileid="2" xmlns:p8="xsi" />
            </Method>
            <Method cyclomaticComplexity="4" nPathComplexity="0" sequenceCoverage="0" branchCoverage="0" isConstructor="True" isGetter="False" isSetter="False" isStatic="True">
              <Summary numSequencePoints="9" visitedSequencePoints="0" numBranchPoints="4" visitedBranchPoints="0" sequenceCoverage="0" branchCoverage="0" maxCyclomaticComplexity="4" minCyclomaticComplexity="4" visitedClasses="0" numClasses="0" visitedMethods="0" numMethods="1" />
              <MetadataToken />
              <Name>System.Void Marvin.Migrations.DbVersion::.ctor(System.String)</Name>
              <FileRef uid="2" />
              <SequencePoints>
                <SequencePoint vc="0" uspid="45" ordinal="0" sl="45" sc="1" el="45" ec="2" bec="0" bev="0" fileid="2" />
                <SequencePoint vc="0" uspid="47" ordinal="1" sl="47" sc="1" el="47" ec="2" bec="0" bev="0" fileid="2" />
                <SequencePoint vc="0" uspid="49" ordinal="2" sl="49" sc="1" el="49" ec="2" bec="0" bev="0" fileid="2" />
                <SequencePoint vc="0" uspid="52" ordinal="3" sl="52" sc="1" el="52" ec="2" bec="0" bev="0" fileid="2" />
                <SequencePoint vc="0" uspid="53" ordinal="4" sl="53" sc="1" el="53" ec="2" bec="0" bev="0" fileid="2" />
                <SequencePoint vc="0" uspid="55" ordinal="5" sl="55" sc="1" el="55" ec="2" bec="0" bev="0" fileid="2" />
                <SequencePoint vc="0" uspid="58" ordinal="6" sl="58" sc="1" el="58" ec="2" bec="0" bev="0" fileid="2" />
                <SequencePoint vc="0" uspid="59" ordinal="7" sl="59" sc="1" el="59" ec="2" bec="0" bev="0" fileid="2" />
                <SequencePoint vc="0" uspid="60" ordinal="8" sl="60" sc="1" el="60" ec="2" bec="0" bev="0" fileid="2" />
              </SequencePoints>
              <BranchPoints>
                <BranchPoint vc="0" uspid="47" ordinal="0" path="0" offset="13" offsetend="15" sl="47" fileid="2" />
                <BranchPoint vc="0" uspid="47" ordinal="1" path="1" offset="13" offsetend="26" sl="47" fileid="2" />
                <BranchPoint vc="0" uspid="53" ordinal="2" path="0" offset="48" offsetend="50" sl="53" fileid="2" />
                <BranchPoint vc="0" uspid="53" ordinal="3" path="1" offset="48" offsetend="61" sl="53" fileid="2" />
              </BranchPoints>
              <MethodPoint vc="0" uspid="0" p8:type="SequencePoint" ordinal="17" offset="17" sc="0" sl="45" ec="1" el="60" bec="0" bev="0" fileid="2" xmlns:p8="xsi" />
            </Method>
          </Methods>
        </Class>
        <Class>
          <Summary numSequencePoints="2" visitedSequencePoints="2" numBranchPoints="0" visitedBranchPoints="0" sequenceCoverage="100" branchCoverage="100" maxCyclomaticComplexity="1" minCyclomaticComplexity="1" visitedClasses="1" numClasses="1" visitedMethods="1" numMethods="1" />
          <FullName>Marvin.Migrations.DefaultVariables</FullName>
          <Methods>
            <Method cyclomaticComplexity="1" nPathComplexity="0" sequenceCoverage="100" branchCoverage="100" isConstructor="True" isGetter="False" isSetter="False" isStatic="True">
[...]
              <Summary numSequencePoints="3" visitedSequencePoints="3" numBranchPoints="2" visitedBranchPoints="1" sequenceCoverage="100" branchCoverage="50" maxCyclomaticComplexity="2" minCyclomaticComplexity="2" visitedClasses="0" numClasses="0" visitedMethods="1" numMethods="1" />
              <MetadataToken />
              <Name>Marvin.Migrations.MigratorBuilder Marvin.Migrations.MigratorBuilder::UseCustomMigrationsProvider(Marvin.Migrations.IMigrationsProvider)</Name>
              <FileRef uid="11" />
              <SequencePoints>
                <SequencePoint vc="3" uspid="101" ordinal="0" sl="101" sc="1" el="101" ec="2" bec="0" bev="0" fileid="11" />
                <SequencePoint vc="3" uspid="102" ordinal="1" sl="102" sc="1" el="102" ec="2" bec="0" bev="0" fileid="11" />
                <SequencePoint vc="3" uspid="103" ordinal="2" sl="103" sc="1" el="103" ec="2" bec="0" bev="0" fileid="11" />
              </SequencePoints>
              <BranchPoints>
                <BranchPoint vc="0" uspid="101" ordinal="0" path="0" offset="1" offsetend="3" sl="101" fileid="11" />
                <BranchPoint vc="3" uspid="101" ordinal="1" path="1" offset="1" offsetend="14" sl="101" fileid="11" />
              </BranchPoints>
              <MethodPoint vc="3" uspid="0" p8:type="SequencePoint" ordinal="4" offset="4" sc="0" sl="101" ec="1" el="103" bec="0" bev="0" fileid="11" xmlns:p8="xsi" />
            </Method>
            <Method cyclomaticComplexity="1" nPathComplexity="0" sequenceCoverage="0" branchCoverage="100" isConstructor="False" isGetter="False" isSetter="False" isStatic="True">
              <Summary numSequencePoints="2" visitedSequencePoints="0" numBranchPoints="0" visitedBranchPoints="0" sequenceCoverage="0" branchCoverage="100" maxCyclomaticComplexity="1" minCyclomaticComplexity="1" visitedClasses="0" numClasses="0" visitedMethods="0" numMethods="1" />
              <MetadataToken />
              <Name>Marvin.Migrations.MigratorBuilder Marvin.Migrations.MigratorBuilder::UseUpgradeMigrationPolicy(Marvin.Migrations.MigrationPolicy)</Name>
              <FileRef uid="11" />
              <SequencePoints>
                <SequencePoint vc="0" uspid="113" ordinal="0" sl="113" sc="1" el="113" ec="2" bec="0" bev="0" fileid="11" />
                <SequencePoint vc="0" uspid="114" ordinal="1" sl="114" sc="1" el="114" ec="2" bec="0" bev="0" fileid="11" />
              </SequencePoints>
              <BranchPoints />
              <MethodPoint vc="0" uspid="0" p8:type="SequencePoint" ordinal="5" offset="5" sc="0" sl="113" ec="1" el="114" bec="0" bev="0" fileid="11" xmlns:p8="xsi" />
            </Method>
            <Method cyclomaticComplexity="1" nPathComplexity="0" sequenceCoverage="0" branchCoverage="100" isConstructor="False" isGetter="False" isSetter="False" isStatic="True">
              <Summary numSequencePoints="2" visitedSequencePoints="0" numBranchPoints="0" visitedBranchPoints="0" sequenceCoverage="0" branchCoverage="100" maxCyclomaticComplexity="1" minCyclomaticComplexity="1" visitedClasses="0" numClasses="0" visitedMethods="0" numMethods="1" />
              <MetadataToken />
              <Name>Marvin.Migrations.MigratorBuilder Marvin.Migrations.MigratorBuilder::UseDowngradeMigrationPolicy(Marvin.Migrations.MigrationPolicy)</Name>
              <FileRef uid="11" />
              <SequencePoints>
                <SequencePoint vc="0" uspid="124" ordinal="0" sl="124" sc="1" el="124" ec="2" bec="0" bev="0" fileid="11" />
                <SequencePoint vc="0" uspid="125" ordinal="1" sl="125" sc="1" el="125" ec="2" bec="0" bev="0" fileid="11" />
              </SequencePoints>
              <BranchPoints />
              <MethodPoint vc="0" uspid="0" p8:type="SequencePoint" ordinal="6" offset="6" sc="0" sl="124" ec="1" el="125" bec="0" bev="0" fileid="11" xmlns:p8="xsi" />
            </Method>
            <Method cyclomaticComplexity="2" nPathComplexity="0" sequenceCoverage="0" branchCoverage="0" isConstructor="False" isGetter="False" isSetter="False" isStatic="True">
              <Summary numSequencePoints="2" visitedSequencePoints="0" numBranchPoints="2" visitedBranchPoints="0" sequenceCoverage="0" branchCoverage="0" maxCyclomaticComplexity="2" minCyclomaticComplexity="2" visitedClasses="0" numClasses="0" visitedMethods="0" numMethods="1" />
              <MetadataToken />
              <Name>Marvin.Migrations.MigratorBuilder Marvin.Migrations.MigratorBuilder::UserLogger(Microsoft.Extensions.Logging.ILogger)</Name>
              <FileRef uid="11" />
              <SequencePoints>
                <SequencePoint vc="0" uspid="135" ordinal="0" sl="135" sc="1" el="135" ec="2" bec="0" bev="0" fileid="11" />
                <SequencePoint vc="0" uspid="136" ordinal="1" sl="136" sc="1" el="136" ec="2" bec="0" bev="0" fileid="11" />
              </SequencePoints>
              <BranchPoints>
                <BranchPoint vc="0" uspid="135" ordinal="0" path="0" offset="3" offsetend="5" sl="135" fileid="11" />
                <BranchPoint vc="0" uspid="135" ordinal="1" path="1" offset="3" offsetend="17" sl="135" fileid="11" />
              </BranchPoints>
              <MethodPoint vc="0" uspid="0" p8:type="SequencePoint" ordinal="7" offset="7" sc="0" sl="135" ec="1" el="136" bec="0" bev="0" fileid="11" xmlns:p8="xsi" />
            </Method>
            <Method cyclomaticComplexity="2" nPathComplexity="0" sequenceCoverage="100" branchCoverage="50" isConstructor="True" isGetter="False" isSetter="False" isStatic="True">
              <Summary numSequencePoints="2" visitedSequencePoints="2" numBranchPoints="2" visitedBranchPoints="1" sequenceCoverage="100" branchCoverage="50" maxCyclomaticComplexity="2" minCyclomaticComplexity="2" visitedClasses="0" numClasses="0" visitedMethods="1" numMethods="1" />
              <MetadataToken />
              <Name>Marvin.Migrations.MigratorBuilder Marvin.Migrations.MigratorBuilder::UserDbProviderFactory(Marvin.Migrations.IDbProviderFactory)</Name>
              <FileRef uid="11" />
              <SequencePoints>
                <SequencePoint vc="6" uspid="146" ordinal="0" sl="146" sc="1" el="146" ec="2" bec="0" bev="0" fileid="11" />
                <SequencePoint vc="6" uspid="147" ordinal="1" sl="147" sc="1" el="147" ec="2" bec="0" bev="0" fileid="11" />
              </SequencePoints>
              <BranchPoints>
                <BranchPoint vc="0" uspid="146" ordinal="0" path="0" offset="3" offsetend="5" sl="146" fileid="11" />
                <BranchPoint vc="6" uspid="146" ordinal="1" path="1" offset="3" offsetend="17" sl="146" fileid="11" />
              </BranchPoints>
              <MethodPoint vc="2" uspid="0" p8:type="SequencePoint" ordinal="8" offset="8" sc="0" sl="146" ec="1" el="147" bec="0" bev="0" fileid="11" xmlns:p8="xsi" />
            </Method>
            <Method cyclomaticComplexity="1" nPathComplexity="0" sequenceCoverage="0" branchCoverage="100" isConstructor="False" isGetter="False" isSetter="False" isStatic="True">
              <Summary numSequencePoints="2" visitedSequencePoints="0" numBranchPoints="0" visitedBranchPoints="0" sequenceCoverage="0" branchCoverage="100" maxCyclomaticComplexity="1" minCyclomaticComplexity="1" visitedClasses="0" numClasses="0" visitedMethods="0" numMethods="1" />
              <MetadataToken />
              <Name>Marvin.Migrations.MigratorBuilder Marvin.Migrations.MigratorBuilder::SetUpTargetVersion(Marvin.Migrations.DbVersion)</Name>
              <FileRef uid="11" />
              <SequencePoints>
                <SequencePoint vc="0" uspid="161" ordinal="0" sl="161" sc="1" el="161" ec="2" bec="0" bev="0" fileid="11" />
                <SequencePoint vc="0" uspid="162" ordinal="1" sl="162" sc="1" el="162" ec="2" bec="0" bev="0" fileid="11" />
              </SequencePoints>
              <BranchPoints />
              <MethodPoint vc="0" uspid="0" p8:type="SequencePoint" ordinal="9" offset="9" sc="0" sl="161" ec="1" el="162" bec="0" bev="0" fileid="11" xmlns:p8="xsi" />
            </Method>
            <Method cyclomaticComplexity="4" nPathComplexity="0" sequenceCoverage="75" branchCoverage="50" isConstructor="False" isGetter="False" isSetter="False" isStatic="True">
              <Summary numSequencePoints="4" visitedSequencePoints="3" numBranchPoints="4" visitedBranchPoints="2" sequenceCoverage="75" branchCoverage="50" maxCyclomaticComplexity="4" minCyclomaticComplexity="4" visitedClasses="0" numClasses="0" visitedMethods="1" numMethods="1" />
              <MetadataToken />
              <Name>Marvin.Migrations.MigratorBuilder Marvin.Migrations.MigratorBuilder::UseVariable(System.String,System.String)</Name>
              <FileRef uid="11" />
              <SequencePoints>
                <SequencePoint vc="2" uspid="174" ordinal="0" sl="174" sc="1" el="174" ec="2" bec="0" bev="0" fileid="11" />
                <SequencePoint vc="0" uspid="175" ordinal="1" sl="175" sc="1" el="175" ec="2" bec="0" bev="0" fileid="11" />
                <SequencePoint vc="2" uspid="177" ordinal="2" sl="177" sc="1" el="177" ec="2" bec="0" bev="0" fileid="11" />
                <SequencePoint vc="2" uspid="179" ordinal="3" sl="179" sc="1" el="179" ec="2" bec="0" bev="0" fileid="11" />
              </SequencePoints>
              <BranchPoints>
                <BranchPoint vc="0" uspid="174" ordinal="0" path="0" offset="6" offsetend="8" sl="174" fileid="11" />
                <BranchPoint vc="2" uspid="174" ordinal="1" path="1" offset="6" offsetend="19" sl="174" fileid="11" />
                <BranchPoint vc="0" uspid="177" ordinal="2" path="0" offset="28" offsetend="30" sl="177" fileid="11" />
                <BranchPoint vc="2" uspid="177" ordinal="3" path="1" offset="28" offsetend="42" sl="177" fileid="11" />
              </BranchPoints>
              <MethodPoint vc="3" uspid="0" p8:type="SequencePoint" ordinal="10" offset="10" sc="0" sl="174" ec="1" el="179" bec="0" bev="0" fileid="11" xmlns:p8="xsi" />
            </Method>
            <Method cyclomaticComplexity="14" nPathComplexity="0" sequenceCoverage="95.23" branchCoverage="78.57" isConstructor="False" isGetter="False" isSetter="False" isStatic="True">
              <Summary numSequencePoints="21" visitedSequencePoints="20" numBranchPoints="14" visitedBranchPoints="11" sequenceCoverage="95.23" branchCoverage="78.57" maxCyclomaticComplexity="14" minCyclomaticComplexity="14" visitedClasses="0" numClasses="0" visitedMethods="1" numMethods="1" />
              <MetadataToken />
              <Name>Marvin.Migrations.IDbMigrator Marvin.Migrations.MigratorBuilder::Build()</Name>
              <FileRef uid="11" />
              <SequencePoints>
                <SequencePoint vc="6" uspid="189" ordinal="0" sl="189" sc="1" el="189" ec="2" bec="0" bev="0" fileid="11" />
                <SequencePoint vc="6" uspid="190" ordinal="1" sl="190" sc="1" el="190" ec="2" bec="0" bev="0" fileid="11" />
                <SequencePoint vc="6" uspid="192" ordinal="2" sl="192" sc="1" el="192" ec="2" bec="0" bev="0" fileid="11" />
                <SequencePoint vc="6" uspid="194" ordinal="3" sl="194" sc="1" el="194" ec="2" bec="0" bev="0" fileid="11" />
                <SequencePoint vc="24" uspid="195" ordinal="4" sl="195" sc="1" el="195" ec="2" bec="0" bev="0" fileid="11" />
                <SequencePoint vc="6" uspid="198" ordinal="5" sl="198" sc="1" el="198" ec="2" bec="0" bev="0" fileid="11" />
                <SequencePoint vc="5" uspid="200" ordinal="6" sl="200" sc="1" el="200" ec="2" bec="0" bev="0" fileid="11" />
                <SequencePoint vc="6" uspid="203" ordinal="7" sl="203" sc="1" el="203" ec="2" bec="0" bev="0" fileid="11" />
                <SequencePoint vc="24" uspid="204" ordinal="8" sl="204" sc="1" el="204" ec="2" bec="0" bev="0" fileid="11" />
                <SequencePoint vc="6" uspid="206" ordinal="9" sl="206" sc="1" el="206" ec="2" bec="0" bev="0" fileid="11" />
                <SequencePoint vc="6" uspid="209" ordinal="10" sl="209" sc="1" el="209" ec="2" bec="0" bev="0" fileid="11" />
                <SequencePoint vc="12" uspid="210" ordinal="11" sl="210" sc="1" el="210" ec="2" bec="0" bev="0" fileid="11" />
                <SequencePoint vc="0" uspid="212" ordinal="12" sl="212" sc="1" el="212" ec="2" bec="0" bev="0" fileid="11" />
                <SequencePoint vc="6" uspid="215" ordinal="13" sl="215" sc="1" el="215" ec="2" bec="0" bev="0" fileid="11" />
                <SequencePoint vc="6" uspid="216" ordinal="14" sl="216" sc="1" el="216" ec="2" bec="0" bev="0" fileid="11" />
                <SequencePoint vc="6" uspid="217" ordinal="15" sl="217" sc="1" el="217" ec="2" bec="0" bev="0" fileid="11" />
                <SequencePoint vc="6" uspid="218" ordinal="16" sl="218" sc="1" el="218" ec="2" bec="0" bev="0" fileid="11" />
                <SequencePoint vc="6" uspid="219" ordinal="17" sl="219" sc="1" el="219" ec="2" bec="0" bev="0" fileid="11" />
                <SequencePoint vc="6" uspid="220" ordinal="18" sl="220" sc="1" el="220" ec="2" bec="0" bev="0" fileid="11" />
                <SequencePoint vc="6" uspid="221" ordinal="19" sl="221" sc="1" el="221" ec="2" bec="0" bev="0" fileid="11" />
                <SequencePoint vc="6" uspid="222" ordinal="20" sl="222" sc="1" el="222" ec="2" bec="0" bev="0" fileid="11" />
              </SequencePoints>
              <BranchPoints>
                <BranchPoint vc="0" uspid="189" ordinal="0" path="0" offset="6" offsetend="8" sl="189" fileid="11" />
                <BranchPoint vc="6" uspid="189" ordinal="1" path="1" offset="6" offsetend="39" sl="189" fileid="11" />
                <BranchPoint vc="0" uspid="190" ordinal="2" path="0" offset="50" offsetend="52" sl="190" fileid="11" />
                <BranchPoint vc="6" uspid="190" ordinal="3" path="1" offset="50" offsetend="88" sl="190" fileid="11" />
                <BranchPoint vc="3" uspid="194" ordinal="4" path="0" offset="107" offsetend="109" sl="194" fileid="11" />
                <BranchPoint vc="6" uspid="194" ordinal="5" path="1" offset="107" offsetend="115" sl="194" fileid="11" />
                <BranchPoint vc="6" uspid="195" ordinal="9" path="1" offset="182" offsetend="123" sl="195" fileid="11" />
                <BranchPoint vc="5" uspid="198" ordinal="6" path="0" offset="149" offsetend="151" sl="198" fileid="11" />
                <BranchPoint vc="12" uspid="198" ordinal="7" path="1" offset="149" offsetend="176" sl="198" fileid="11" />
                <BranchPoint vc="6" uspid="195" ordinal="8" path="0" offset="182" offsetend="184" sl="195" fileid="11" />
                <BranchPoint vc="6" uspid="204" ordinal="11" path="1" offset="253" offsetend="217" sl="204" fileid="11" />
                <BranchPoint vc="6" uspid="204" ordinal="10" path="0" offset="253" offsetend="255" sl="204" fileid="11" />
                <BranchPoint vc="0" uspid="210" ordinal="13" path="1" offset="328" offsetend="292" sl="210" fileid="11" />
                <BranchPoint vc="6" uspid="210" ordinal="12" path="0" offset="328" offsetend="330" sl="210" fileid="11" />
              </BranchPoints>
              <MethodPoint vc="20" uspid="0" p8:type="SequencePoint" ordinal="11" offset="11" sc="0" sl="189" ec="1" el="222" bec="0" bev="0" fileid="11" xmlns:p8="xsi" />
            </Method>
            <Method cyclomaticComplexity="2" nPathComplexity="0" sequenceCoverage="100" branchCoverage="100" isConstructor="True" isGetter="False" isSetter="False" isStatic="True">
              <Summary numSequencePoints="9" visitedSequencePoints="9" numBranchPoints="2" visitedBranchPoints="2" sequenceCoverage="100" branchCoverage="100" maxCyclomaticComplexity="2" minCyclomaticComplexity="2" visitedClasses="0" numClasses="0" visitedMethods="1" numMethods="1" />
              <MetadataToken />
              <Name>System.Void Marvin.Migrations.MigratorBuilder::.ctor(Microsoft.Extensions.DependencyInjection.IServiceCollection)</Name>
              <FileRef uid="11" />
              <SequencePoints>
                <SequencePoint vc="6" uspid="38" ordinal="0" sl="38" sc="1" el="38" ec="2" bec="0" bev="0" fileid="11" />
                <SequencePoint vc="6" uspid="40" ordinal="1" sl="40" sc="1" el="40" ec="2" bec="0" bev="0" fileid="11" />
                <SequencePoint vc="6" uspid="41" ordinal="2" sl="41" sc="1" el="41" ec="2" bec="0" bev="0" fileid="11" />
                <SequencePoint vc="6" uspid="42" ordinal="3" sl="42" sc="1" el="42" ec="2" bec="0" bev="0" fileid="11" />
                <SequencePoint vc="6" uspid="43" ordinal="4" sl="43" sc="1" el="43" ec="2" bec="0" bev="0" fileid="11" />
                <SequencePoint vc="6" uspid="44" ordinal="5" sl="44" sc="1" el="44" ec="2" bec="0" bev="0" fileid="11" />
                <SequencePoint vc="6" uspid="45" ordinal="6" sl="45" sc="1" el="45" ec="2" bec="0" bev="0" fileid="11" />
                <SequencePoint vc="6" uspid="46" ordinal="7" sl="46" sc="1" el="46" ec="2" bec="0" bev="0" fileid="11" />
                <SequencePoint vc="6" uspid="47" ordinal="8" sl="47" sc="1" el="47" ec="2" bec="0" bev="0" fileid="11" />
              </SequencePoints>
              <BranchPoints>
                <BranchPoint vc="3" uspid="40" ordinal="0" path="0" offset="9" offsetend="11" sl="40" fileid="11" />
                <BranchPoint vc="6" uspid="40" ordinal="1" path="1" offset="9" offsetend="17" sl="40" fileid="11" />
              </BranchPoints>
              <MethodPoint vc="9" uspid="0" p8:type="SequencePoint" ordinal="12" offset="12" sc="0" sl="38" ec="1" el="47" bec="0" bev="0" fileid="11" xmlns:p8="xsi" />
            </Method>
          </Methods>
        </Class>
        <Class>
          <Summary numSequencePoints="5" visitedSequencePoints="5" numBranchPoints="0" visitedBranchPoints="0" sequenceCoverage="100" branchCoverage="100" maxCyclomaticComplexity="1" minCyclomaticComplexity="1" visitedClasses="1" numClasses="1" visitedMethods="1" numMethods="1" />
          <FullName>Marvin.Migrations.ServiceCollectionExtensions</FullName>
          <Methods>
            <Method cyclomaticComplexity="1" nPathComplexity="0" sequenceCoverage="100" branchCoverage="100" isConstructor="False" isGetter="False" isSetter="False" isStatic="True">
              <Summary numSequencePoints="5" visitedSequencePoints="5" numBranchPoints="0" visitedBranchPoints="0" sequenceCoverage="100" branchCoverage="100" maxCyclomaticComplexity="1" minCyclomaticComplexity="1" visitedClasses="0" numClasses="0" visitedMethods="1" numMethods="1" />
              <MetadataToken />
              <Name>Microsoft.Extensions.DependencyInjection.IServiceCollection Marvin.Migrations.ServiceCollectionExtensions::AddMigrations(Microsoft.Extensions.DependencyInjection.IServiceCollection,System.Action`1&lt;Marvin.Migrations.MigratorBuilder&gt;)</Name>
              <FileRef uid="12" />
              <SequencePoints>
                <SequencePoint vc="3" uspid="19" ordinal="0" sl="19" sc="1" el="19" ec="2" bec="0" bev="0" fileid="12" />
                <SequencePoint vc="3" uspid="20" ordinal="1" sl="20" sc="1" el="20" ec="2" bec="0" bev="0" fileid="12" />
                <SequencePoint vc="3" uspid="21" ordinal="2" sl="21" sc="1" el="21" ec="2" bec="0" bev="0" fileid="12" />
                <SequencePoint vc="3" uspid="22" ordinal="3" sl="22" sc="1" el="22" ec="2" bec="0" bev="0" fileid="12" />
                <SequencePoint vc="3" uspid="23" ordinal="4" sl="23" sc="1" el="23" ec="2" bec="0" bev="0" fileid="12" />
              </SequencePoints>
              <BranchPoints />
              <MethodPoint vc="5" uspid="0" p8:type="SequencePoint" ordinal="0" offset="0" sc="0" sl="19" ec="1" el="23" bec="0" bev="0" fileid="12" xmlns:p8="xsi" />
            </Method>
          </Methods>
        </Class>
      </Classes>
    </Module>
  </Modules>
</CoverageSession>